#
# A fatal error has been detected by the Java Runtime Environment:
#
#  SIGSEGV (0xb) at pc=0x00007f81383e4462, pid=15949, tid=140192971085568
#
# JRE version: Java(TM) SE Runtime Environment (7.0_80-b15) (build 1.7.0_80-b15)
# Java VM: Java HotSpot(TM) 64-Bit Server VM (24.80-b11 mixed mode linux-amd64 compressed oops)
# Problematic frame:
# C  [librxtxSerial.so+0x6462]  read_byte_array+0x52
#
# Failed to write core dump. Core dumps have been disabled. To enable core dumping, try "ulimit -c unlimited" before starting Java again
#
# If you would like to submit a bug report, please visit:
#   http://bugreport.java.com/bugreport/crash.jsp
# The crash happened outside the Java Virtual Machine in native code.
# See problematic frame for where to report the bug.
#

---------------  T H R E A D  ---------------

Current thread (0x00007f80e4060000):  JavaThread "Thread-1" [_thread_in_native, id=15997, stack(0x00007f81382dd000,0x00007f81383de000)]

siginfo:si_signo=SIGSEGV: si_errno=0, si_code=1 (SEGV_MAPERR), si_addr=0x00000000383dc6b8

Registers:
RAX=0x00000000383dc6b0, RBX=0xffffffffffffffff, RCX=0x0000000000000001, RDX=0x00007f815462b7f0
RSP=0x00007f81383dba70, RBP=0x00007f80e40601e8, RSI=0x00007f81383e7e30, RDI=0x00007f81383e7d3e
R8 =0x00007f81383db9e0, R9 =0x00000007d75b5050, R10=0x0000000000000000, R11=0x00007f815462fde8
R12=0x00000000ffffffff, R13=0x0000000000000000, R14=0x000000000000001c, R15=0x0000000000000000
RIP=0x00007f81383e4462, EFLAGS=0x0000000000010202, CSGSFS=0x0000000000000033, ERR=0x0000000000000004
  TRAPNO=0x000000000000000e

Top of Stack: (sp=0x00007f81383dba70)
0x00007f81383dba70:   0000000000000000 0000000000000000
0x00007f81383dba80:   0000000000000000 0000000000000000
0x00007f81383dba90:   0000000000000000 00000000383dc6b0
0x00007f81383dbaa0:   0000000000000000 0000000000000000
0x00007f81383dbab0:   0000000000000000 0000001100000000
0x00007f81383dbac0:   00007f80dc000d80 0000001c00000000
0x00007f81383dbad0:   0000000000000000 0000000000000000
0x00007f81383dbae0:   0000000000000000 0000000000000000
0x00007f81383dbaf0:   0000000000000000 0000000000000000
0x00007f81383dbb00:   0000000000002000 0000000000000000
0x00007f81383dbb10:   000000000000001c 0000000000000000
0x00007f81383dbb20:   00007f81383dbb50 00007f8153a8d38c
0x00007f81383dbb30:   00007f81383dbb60 0000000000002000
0x00007f81383dbb40:   00007f80dc000d80 00007f80dc000d80
0x00007f81383dbb50:   000000000000001c 00007f81383dbbb0
0x00007f81383dbb60:   00007f80e40601e8 ffffffffffffffff
0x00007f81383dbb70:   00007f80e40601e8 00007f80dc000d80
0x00007f81383dbb80:   0000000000000011 000000000000001c
0x00007f81383dbb90:   0000000000000000 00007f81383e48a1
0x00007f81383dbba0:   00007f80e4060000 00007f81383dbc80
0x00007f81383dbbb0:   00007f81383dbc88 00000007805c9a78
0x00007f81383dbbc0:   00007f81383dbc50 0000000000000000
0x00007f81383dbbd0:   00000007805c9a70 00007f81383dbc88
0x00007f81383dbbe0:   00007f80e4060000 00007f8149012d98
0x00007f81383dbbf0:   00007f8108022f68 00007f81383dbc88
0x00007f81383dbc00:   00007f80e4060000 0000000a000000b6
0x00007f81383dbc10:   00007f81383dbc10 00000007805c9a70
0x00007f81383dbc20:   00007f81383dbc88 00000007805dacc0
0x00007f81383dbc30:   0000000000000000 00000007805c9a78
0x00007f81383dbc40:   0000000000000000 00007f81383dbc70
0x00007f81383dbc50:   00007f81383dbce0 00007f81490061d4
0x00007f81383dbc60:   0000000000000000 00007f814900ecd6 

Instructions: (pc=0x00007f81383e4462)
0x00007f81383e4442:   89 44 24 4c 48 c7 44 24 40 00 00 00 00 48 c7 44
0x00007f81383e4452:   24 38 00 00 00 00 e8 53 d7 ff ff 48 89 44 24 28
0x00007f81383e4462:   8b 40 08 45 85 e4 48 8b 54 24 28 44 8b 7c 24 4c
0x00007f81383e4472:   89 44 24 34 c7 42 08 00 00 00 00 78 0c 31 c0 e8 

Register to memory mapping:

RAX=0x00000000383dc6b0 is an unknown value
RBX=0xffffffffffffffff is an unknown value
RCX=0x0000000000000001 is an unknown value
RDX=0x00007f815462b7f0: <offset 0xe4b7f0> in /usr/lib/jvm/java-7-oracle/jre/lib/amd64/server/libjvm.so at 0x00007f81537e0000
RSP=0x00007f81383dba70 is pointing into the stack for thread: 0x00007f80e4060000
RBP=0x00007f80e40601e8 is an unknown value
RSI=0x00007f81383e7e30: <offset 0x9e30> in /usr/lib/jvm/java-7-oracle/jre/lib/amd64/librxtxSerial.so at 0x00007f81383de000
RDI=0x00007f81383e7d3e: <offset 0x9d3e> in /usr/lib/jvm/java-7-oracle/jre/lib/amd64/librxtxSerial.so at 0x00007f81383de000
R8 =0x00007f81383db9e0 is pointing into the stack for thread: 0x00007f80e4060000
R9 =0x00000007d75b5050 is an oop
gnu.io.RXTXPort 
 - klass: 'gnu/io/RXTXPort'
R10=0x0000000000000000 is an unknown value
R11=0x00007f815462fde8: <offset 0xe4fde8> in /usr/lib/jvm/java-7-oracle/jre/lib/amd64/server/libjvm.so at 0x00007f81537e0000
R12=0x00000000ffffffff is an unknown value
R13=0x0000000000000000 is an unknown value
R14=0x000000000000001c is an unknown value
R15=0x0000000000000000 is an unknown value


Stack: [0x00007f81382dd000,0x00007f81383de000],  sp=0x00007f81383dba70,  free space=1018k
Native frames: (J=compiled Java code, j=interpreted, Vv=VM code, C=native code)
C  [librxtxSerial.so+0x6462]  read_byte_array+0x52

Java frames: (J=compiled Java code, j=interpreted, Vv=VM code)
j  gnu.io.RXTXPort.readArray([BII)I+0
j  gnu.io.RXTXPort$SerialInputStream.read([BII)I+187
j  sun.nio.cs.StreamDecoder.readBytes()I+135
j  sun.nio.cs.StreamDecoder.implRead([CII)I+112
j  sun.nio.cs.StreamDecoder.read([CII)I+180
j  java.io.InputStreamReader.read([CII)I+7
j  java.io.BufferedReader.fill()V+145
j  java.io.BufferedReader.readLine(Z)Ljava/lang/String;+44
j  java.io.BufferedReader.readLine()Ljava/lang/String;+2
j  SerialTest.serialEvent(Lgnu/io/SerialPortEvent;)V+16
j  gnu.io.RXTXPort.sendEvent(IZ)Z+382
v  ~StubRoutines::call_stub
j  gnu.io.RXTXPort.eventLoop()V+0
j  gnu.io.RXTXPort$MonitorThread.run()V+12
v  ~StubRoutines::call_stub

---------------  P R O C E S S  ---------------

Java Threads: ( => current thread )
=>0x00007f80e4060000 JavaThread "Thread-1" [_thread_in_native, id=15997, stack(0x00007f81382dd000,0x00007f81383de000)]
  0x00007f814c00a800 JavaThread "DestroyJavaVM" [_thread_blocked, id=15950, stack(0x00007f815514f000,0x00007f8155250000)]
  0x00007f814c210800 JavaThread "Thread-0" [_thread_blocked, id=15992, stack(0x00007f81384eb000,0x00007f81385ec000)]
  0x00007f80ec003800 JavaThread "AWT-EventQueue-0" [_thread_blocked, id=15991, stack(0x00007f8138f0b000,0x00007f813900c000)]
  0x00007f814c1fb800 JavaThread "AWT-Shutdown" [_thread_blocked, id=15990, stack(0x00007f813900c000,0x00007f813910d000)]
  0x00007f814c1e1800 JavaThread "AWT-XAWT" daemon [_thread_in_native, id=15989, stack(0x00007f813910d000,0x00007f813920e000)]
  0x00007f814c1be800 JavaThread "Java2D Disposer" daemon [_thread_blocked, id=15988, stack(0x00007f813961e000,0x00007f813971f000)]
  0x00007f814c166000 JavaThread "Monitor Ctrl-Break" daemon [_thread_in_native, id=15979, stack(0x00007f813b31e000,0x00007f813b41f000)]
  0x00007f814c0aa000 JavaThread "Service Thread" daemon [_thread_blocked, id=15966, stack(0x00007f813b722000,0x00007f813b823000)]
  0x00007f814c0a7800 JavaThread "C2 CompilerThread1" daemon [_thread_blocked, id=15965, stack(0x00007f813b823000,0x00007f813b924000)]
  0x00007f814c0a4800 JavaThread "C2 CompilerThread0" daemon [_thread_blocked, id=15964, stack(0x00007f813b924000,0x00007f813ba25000)]
  0x00007f814c0a2800 JavaThread "Signal Dispatcher" daemon [_thread_blocked, id=15963, stack(0x00007f813ba25000,0x00007f813bb26000)]
  0x00007f814c079800 JavaThread "Finalizer" daemon [_thread_blocked, id=15961, stack(0x00007f813bdfe000,0x00007f813beff000)]
  0x00007f814c077800 JavaThread "Reference Handler" daemon [_thread_blocked, id=15960, stack(0x00007f813beff000,0x00007f813c000000)]

Other Threads:
  0x00007f814c073000 VMThread [stack: 0x00007f81480f1000,0x00007f81481f2000] [id=15959]
  0x00007f814c0b4800 WatcherThread [stack: 0x00007f813b621000,0x00007f813b722000] [id=15967]

VM state:not at safepoint (normal execution)

VM Mutex/Monitor currently owned by a thread: None

Heap
 PSYoungGen      total 36864K, used 6985K [0x00000007d7000000, 0x00000007d9900000, 0x0000000800000000)
  eden space 31744K, 22% used [0x00000007d7000000,0x00000007d76d2750,0x00000007d8f00000)
  from space 5120K, 0% used [0x00000007d9400000,0x00000007d9400000,0x00000007d9900000)
  to   space 5120K, 0% used [0x00000007d8f00000,0x00000007d8f00000,0x00000007d9400000)
 ParOldGen       total 83968K, used 0K [0x0000000785000000, 0x000000078a200000, 0x00000007d7000000)
  object space 83968K, 0% used [0x0000000785000000,0x0000000785000000,0x000000078a200000)
 PSPermGen       total 21504K, used 8061K [0x000000077fe00000, 0x0000000781300000, 0x0000000785000000)
  object space 21504K, 37% used [0x000000077fe00000,0x00000007805df7f8,0x0000000781300000)

Card table byte_map: [0x00007f815203c000,0x00007f815243e000] byte_map_base: 0x00007f814e43d000

Polling page: 0x00007f815527b000

Code Cache  [0x00007f8149000000, 0x00007f8149270000, 0x00007f814c000000)
 total_blobs=427 nmethods=24 adapters=357 free_code_cache=48612Kb largest_free_block=49755520

Compilation events (10 events):
Event: 1.289 Thread 0x00007f814c0a4800   20             sun.nio.cs.UTF_8$Decoder::decode (640 bytes)
Event: 1.292 Thread 0x00007f814c0a4800 nmethod 20 0x00007f8149089690 code [0x00007f81490897e0, 0x00007f8149089a18]
Event: 1.297 Thread 0x00007f814c0a7800   21             java.lang.String::length (6 bytes)
Event: 1.297 Thread 0x00007f814c0a7800 nmethod 21 0x00007f8149087b90 code [0x00007f8149087cc0, 0x00007f8149087d38]
Event: 1.306 Thread 0x00007f814c0a4800   22             java.lang.CharacterDataLatin1::getProperties (11 bytes)
Event: 1.306 Thread 0x00007f814c0a7800   23             java.lang.CharacterData::of (120 bytes)
Event: 1.307 Thread 0x00007f814c0a7800 nmethod 23 0x00007f8149083c90 code [0x00007f8149083dc0, 0x00007f8149083e38]
Event: 1.307 Thread 0x00007f814c0a7800   24             java.util.Arrays::copyOfRange (63 bytes)
Event: 1.307 Thread 0x00007f814c0a4800 nmethod 22 0x00007f8149083a50 code [0x00007f8149083b80, 0x00007f8149083c18]
Event: 1.309 Thread 0x00007f814c0a7800 nmethod 24 0x00007f8149088e10 code [0x00007f8149088f60, 0x00007f8149089178]

GC Heap History (0 events):
No events

Deoptimization events (3 events):
Event: 0.137 Thread 0x00007f814c00a800 Uncommon trap: reason=unstable_if action=reinterpret pc=0x00007f8149060400 method=java.lang.String.indexOf(II)I @ 49
Event: 0.158 Thread 0x00007f814c00a800 Uncommon trap: reason=unstable_if action=reinterpret pc=0x00007f814907cd4c method=java.util.Properties.loadConvert([CII[C)Ljava/lang/String; @ 57
Event: 0.158 Thread 0x00007f814c00a800 Uncommon trap: reason=unstable_if action=reinterpret pc=0x00007f814907bfc4 method=java.util.Properties$LineReader.readLine()I @ 315

Internal exceptions (10 events):
Event: 0.102 Thread 0x00007f814c00a800 Threw 0x00000007d723b698 at /HUDSON/workspace/7u-2-build-linux-amd64/jdk7u80/2329/hotspot/src/share/vm/prims/jvm.cpp:1319
Event: 0.191 Thread 0x00007f814c00a800 Threw 0x00000007d74c27d8 at /HUDSON/workspace/7u-2-build-linux-amd64/jdk7u80/2329/hotspot/src/share/vm/prims/jvm.cpp:1319
Event: 0.197 Thread 0x00007f80ec003800 Threw 0x00000007d7342df8 at /HUDSON/workspace/7u-2-build-linux-amd64/jdk7u80/2329/hotspot/src/share/vm/prims/jvm.cpp:1319
Event: 0.197 Thread 0x00007f80ec003800 Threw 0x00000007d7343020 at /HUDSON/workspace/7u-2-build-linux-amd64/jdk7u80/2329/hotspot/src/share/vm/prims/jvm.cpp:1319
Event: 0.197 Thread 0x00007f80ec003800 Threw 0x00000007d7345490 at /HUDSON/workspace/7u-2-build-linux-amd64/jdk7u80/2329/hotspot/src/share/vm/prims/jvm.cpp:1319
Event: 0.197 Thread 0x00007f80ec003800 Threw 0x00000007d73456b8 at /HUDSON/workspace/7u-2-build-linux-amd64/jdk7u80/2329/hotspot/src/share/vm/prims/jvm.cpp:1319
Event: 1.288 Thread 0x00007f80ec003800 Threw 0x00000007d737ebb0 at /HUDSON/workspace/7u-2-build-linux-amd64/jdk7u80/2329/hotspot/src/share/vm/prims/jni.cpp:717
Event: 1.295 Thread 0x00007f80ec003800 Threw 0x00000007d7393b70 at /HUDSON/workspace/7u-2-build-linux-amd64/jdk7u80/2329/hotspot/src/share/vm/prims/jni.cpp:717
Event: 1.298 Thread 0x00007f80ec003800 Threw 0x00000007d73a6490 at /HUDSON/workspace/7u-2-build-linux-amd64/jdk7u80/2329/hotspot/src/share/vm/prims/jni.cpp:717
Event: 1.304 Thread 0x00007f80ec003800 Threw 0x00000007d7597420 at /HUDSON/workspace/7u-2-build-linux-amd64/jdk7u80/2329/hotspot/src/share/vm/prims/jni.cpp:717

Events (10 events):
Event: 1.308 loading class 0x00007f80e40668a0 done
Event: 1.308 loading class 0x00007f80e4066660
Event: 1.308 loading class 0x00007f80e4066660 done
Event: 1.308 loading class 0x00007f80e40669b0
Event: 1.308 loading class 0x00007f80e40669b0 done
Event: 1.309 loading class 0x00007f80e40447e0
Event: 1.309 loading class 0x00007f80e40447e0 done
Event: 1.310 loading class 0x00007f80e40666e0
Event: 1.310 loading class 0x00007f80e40666e0 done
Event: 1.311 Thread 0x00007f80e4060000 Thread added: 0x00007f80e4060000


Dynamic libraries:
00400000-00401000 r-xp 00000000 08:01 8390142                            /usr/lib/jvm/java-7-oracle/bin/java
00600000-00601000 rw-p 00000000 08:01 8390142                            /usr/lib/jvm/java-7-oracle/bin/java
00bc3000-00be4000 rw-p 00000000 00:00 0                                  [heap]
77fe00000-781300000 rw-p 00000000 00:00 0 
781300000-785000000 rw-p 00000000 00:00 0 
785000000-78a200000 rw-p 00000000 00:00 0 
78a200000-7d7000000 rw-p 00000000 00:00 0 
7d7000000-7d9900000 rw-p 00000000 00:00 0 
7d9900000-800000000 rw-p 00000000 00:00 0 
7f80dc000000-7f80dc021000 rw-p 00000000 00:00 0 
7f80dc021000-7f80e0000000 ---p 00000000 00:00 0 
7f80e4000000-7f80e406a000 rw-p 00000000 00:00 0 
7f80e406a000-7f80e8000000 ---p 00000000 00:00 0 
7f80e8000000-7f80e8021000 rw-p 00000000 00:00 0 
7f80e8021000-7f80ec000000 ---p 00000000 00:00 0 
7f80ec000000-7f80ec021000 rw-p 00000000 00:00 0 
7f80ec021000-7f80f0000000 ---p 00000000 00:00 0 
7f80f0000000-7f80f0021000 rw-p 00000000 00:00 0 
7f80f0021000-7f80f4000000 ---p 00000000 00:00 0 
7f80f4000000-7f80f4021000 rw-p 00000000 00:00 0 
7f80f4021000-7f80f8000000 ---p 00000000 00:00 0 
7f80f8000000-7f80f8021000 rw-p 00000000 00:00 0 
7f80f8021000-7f80fc000000 ---p 00000000 00:00 0 
7f80fc000000-7f80fc021000 rw-p 00000000 00:00 0 
7f80fc021000-7f8100000000 ---p 00000000 00:00 0 
7f8100000000-7f8100021000 rw-p 00000000 00:00 0 
7f8100021000-7f8104000000 ---p 00000000 00:00 0 
7f8104000000-7f810423a000 rw-p 00000000 00:00 0 
7f810423a000-7f8108000000 ---p 00000000 00:00 0 
7f8108000000-7f810813a000 rw-p 00000000 00:00 0 
7f810813a000-7f810c000000 ---p 00000000 00:00 0 
7f810c000000-7f810c021000 rw-p 00000000 00:00 0 
7f810c021000-7f8110000000 ---p 00000000 00:00 0 
7f8110000000-7f8110021000 rw-p 00000000 00:00 0 
7f8110021000-7f8114000000 ---p 00000000 00:00 0 
7f8114000000-7f8114021000 rw-p 00000000 00:00 0 
7f8114021000-7f8118000000 ---p 00000000 00:00 0 
7f811bff0000-7f8120000000 rw-p 00000000 00:00 0 
7f8120000000-7f8120021000 rw-p 00000000 00:00 0 
7f8120021000-7f8124000000 ---p 00000000 00:00 0 
7f8124000000-7f8124021000 rw-p 00000000 00:00 0 
7f8124021000-7f8128000000 ---p 00000000 00:00 0 
7f8128000000-7f8128021000 rw-p 00000000 00:00 0 
7f8128021000-7f812c000000 ---p 00000000 00:00 0 
7f812c000000-7f812c021000 rw-p 00000000 00:00 0 
7f812c021000-7f8130000000 ---p 00000000 00:00 0 
7f8130000000-7f8130021000 rw-p 00000000 00:00 0 
7f8130021000-7f8134000000 ---p 00000000 00:00 0 
7f8134000000-7f8134021000 rw-p 00000000 00:00 0 
7f8134021000-7f8138000000 ---p 00000000 00:00 0 
7f81382dd000-7f81382e0000 ---p 00000000 00:00 0 
7f81382e0000-7f81383de000 rw-p 00000000 00:00 0 
7f81383de000-7f81383ea000 r-xp 00000000 08:01 6422637                    /usr/lib/jvm/java-7-oracle/jre/lib/amd64/librxtxSerial.so
7f81383ea000-7f81384e9000 ---p 0000c000 08:01 6422637                    /usr/lib/jvm/java-7-oracle/jre/lib/amd64/librxtxSerial.so
7f81384e9000-7f81384eb000 rw-p 0000b000 08:01 6422637                    /usr/lib/jvm/java-7-oracle/jre/lib/amd64/librxtxSerial.so
7f81384eb000-7f81384ee000 ---p 00000000 00:00 0 
7f81384ee000-7f81385ec000 rw-p 00000000 00:00 0 
7f81385ec000-7f8138655000 r-xp 00000000 08:01 6431249                    /usr/lib/jvm/java-7-oracle/jre/lib/amd64/libt2k.so
7f8138655000-7f8138854000 ---p 00069000 08:01 6431249                    /usr/lib/jvm/java-7-oracle/jre/lib/amd64/libt2k.so
7f8138854000-7f813885b000 rw-p 00068000 08:01 6431249                    /usr/lib/jvm/java-7-oracle/jre/lib/amd64/libt2k.so
7f813885b000-7f813886b000 rw-p 00000000 00:00 0 
7f813886b000-7f813887b000 r-xp 00000000 08:01 6431193                    /usr/lib/jvm/java-7-oracle/jre/lib/amd64/libnio.so
7f813887b000-7f8138a7b000 ---p 00010000 08:01 6431193                    /usr/lib/jvm/java-7-oracle/jre/lib/amd64/libnio.so
7f8138a7b000-7f8138a7c000 rw-p 00010000 08:01 6431193                    /usr/lib/jvm/java-7-oracle/jre/lib/amd64/libnio.so
7f8138a7c000-7f8138a92000 r-xp 00000000 08:01 13108303                   /lib/x86_64-linux-gnu/libgcc_s.so.1
7f8138a92000-7f8138c91000 ---p 00016000 08:01 13108303                   /lib/x86_64-linux-gnu/libgcc_s.so.1
7f8138c91000-7f8138c92000 rw-p 00015000 08:01 13108303                   /lib/x86_64-linux-gnu/libgcc_s.so.1
7f8138c92000-7f8138cf7000 r-xp 00000000 08:01 6431190                    /usr/lib/jvm/java-7-oracle/jre/lib/amd64/libfontmanager.so
7f8138cf7000-7f8138ef6000 ---p 00065000 08:01 6431190                    /usr/lib/jvm/java-7-oracle/jre/lib/amd64/libfontmanager.so
7f8138ef6000-7f8138efb000 rw-p 00064000 08:01 6431190                    /usr/lib/jvm/java-7-oracle/jre/lib/amd64/libfontmanager.so
7f8138efb000-7f8138f0b000 rw-p 00000000 00:00 0 
7f8138f0b000-7f8138f0e000 ---p 00000000 00:00 0 
7f8138f0e000-7f813900c000 rw-p 00000000 00:00 0 
7f813900c000-7f813900f000 ---p 00000000 00:00 0 
7f813900f000-7f813910d000 rw-p 00000000 00:00 0 
7f813910d000-7f8139110000 ---p 00000000 00:00 0 
7f8139110000-7f813920e000 rw-p 00000000 00:00 0 
7f813920e000-7f8139213000 r-xp 00000000 08:01 4464690                    /usr/lib/x86_64-linux-gnu/libXfixes.so.3.1.0
7f8139213000-7f8139412000 ---p 00005000 08:01 4464690                    /usr/lib/x86_64-linux-gnu/libXfixes.so.3.1.0
7f8139412000-7f8139413000 r--p 00004000 08:01 4464690                    /usr/lib/x86_64-linux-gnu/libXfixes.so.3.1.0
7f8139413000-7f8139414000 rw-p 00005000 08:01 4464690                    /usr/lib/x86_64-linux-gnu/libXfixes.so.3.1.0
7f8139414000-7f813941d000 r-xp 00000000 08:01 4464682                    /usr/lib/x86_64-linux-gnu/libXcursor.so.1.0.2
7f813941d000-7f813961c000 ---p 00009000 08:01 4464682                    /usr/lib/x86_64-linux-gnu/libXcursor.so.1.0.2
7f813961c000-7f813961d000 r--p 00008000 08:01 4464682                    /usr/lib/x86_64-linux-gnu/libXcursor.so.1.0.2
7f813961d000-7f813961e000 rw-p 00009000 08:01 4464682                    /usr/lib/x86_64-linux-gnu/libXcursor.so.1.0.2
7f813961e000-7f8139621000 ---p 00000000 00:00 0 
7f8139621000-7f813971f000 rw-p 00000000 00:00 0 
7f813971f000-7f8139724000 r-xp 00000000 08:01 4456884                    /usr/lib/x86_64-linux-gnu/libXdmcp.so.6.0.0
7f8139724000-7f8139923000 ---p 00005000 08:01 4456884                    /usr/lib/x86_64-linux-gnu/libXdmcp.so.6.0.0
7f8139923000-7f8139924000 r--p 00004000 08:01 4456884                    /usr/lib/x86_64-linux-gnu/libXdmcp.so.6.0.0
7f8139924000-7f8139925000 rw-p 00005000 08:01 4456884                    /usr/lib/x86_64-linux-gnu/libXdmcp.so.6.0.0
7f8139925000-7f8139927000 r-xp 00000000 08:01 4464675                    /usr/lib/x86_64-linux-gnu/libXau.so.6.0.0
7f8139927000-7f8139b27000 ---p 00002000 08:01 4464675                    /usr/lib/x86_64-linux-gnu/libXau.so.6.0.0
7f8139b27000-7f8139b28000 r--p 00002000 08:01 4464675                    /usr/lib/x86_64-linux-gnu/libXau.so.6.0.0
7f8139b28000-7f8139b29000 rw-p 00003000 08:01 4464675                    /usr/lib/x86_64-linux-gnu/libXau.so.6.0.0
7f8139b29000-7f8139b4a000 r-xp 00000000 08:01 4456623                    /usr/lib/x86_64-linux-gnu/libxcb.so.1.1.0
7f8139b4a000-7f8139d49000 ---p 00021000 08:01 4456623                    /usr/lib/x86_64-linux-gnu/libxcb.so.1.1.0
7f8139d49000-7f8139d4a000 r--p 00020000 08:01 4456623                    /usr/lib/x86_64-linux-gnu/libxcb.so.1.1.0
7f8139d4a000-7f8139d4b000 rw-p 00021000 08:01 4456623                    /usr/lib/x86_64-linux-gnu/libxcb.so.1.1.0
7f8139d4b000-7f8139d5a000 r-xp 00000000 08:01 4458892                    /usr/lib/x86_64-linux-gnu/libXi.so.6.1.0
7f8139d5a000-7f8139f59000 ---p 0000f000 08:01 4458892                    /usr/lib/x86_64-linux-gnu/libXi.so.6.1.0
7f8139f59000-7f8139f5a000 r--p 0000e000 08:01 4458892                    /usr/lib/x86_64-linux-gnu/libXi.so.6.1.0
7f8139f5a000-7f8139f5b000 rw-p 0000f000 08:01 4458892                    /usr/lib/x86_64-linux-gnu/libXi.so.6.1.0
7f8139f5b000-7f8139f60000 r-xp 00000000 08:01 4464716                    /usr/lib/x86_64-linux-gnu/libXtst.so.6.1.0
7f8139f60000-7f813a15f000 ---p 00005000 08:01 4464716                    /usr/lib/x86_64-linux-gnu/libXtst.so.6.1.0
7f813a15f000-7f813a160000 r--p 00004000 08:01 4464716                    /usr/lib/x86_64-linux-gnu/libXtst.so.6.1.0
7f813a160000-7f813a161000 rw-p 00005000 08:01 4464716                    /usr/lib/x86_64-linux-gnu/libXtst.so.6.1.0
7f813a161000-7f813a16a000 r-xp 00000000 08:01 4461767                    /usr/lib/x86_64-linux-gnu/libXrender.so.1.3.0
7f813a16a000-7f813a369000 ---p 00009000 08:01 4461767                    /usr/lib/x86_64-linux-gnu/libXrender.so.1.3.0
7f813a369000-7f813a36a000 r--p 00008000 08:01 4461767                    /usr/lib/x86_64-linux-gnu/libXrender.so.1.3.0
7f813a36a000-7f813a36b000 rw-p 00009000 08:01 4461767                    /usr/lib/x86_64-linux-gnu/libXrender.so.1.3.0
7f813a36b000-7f813a4a0000 r-xp 00000000 08:01 4461757                    /usr/lib/x86_64-linux-gnu/libX11.so.6.3.0
7f813a4a0000-7f813a6a0000 ---p 00135000 08:01 4461757                    /usr/lib/x86_64-linux-gnu/libX11.so.6.3.0
7f813a6a0000-7f813a6a1000 r--p 00135000 08:01 4461757                    /usr/lib/x86_64-linux-gnu/libX11.so.6.3.0
7f813a6a1000-7f813a6a5000 rw-p 00136000 08:01 4461757                    /usr/lib/x86_64-linux-gnu/libX11.so.6.3.0
7f813a6a5000-7f813a6b6000 r-xp 00000000 08:01 4464688                    /usr/lib/x86_64-linux-gnu/libXext.so.6.4.0
7f813a6b6000-7f813a8b5000 ---p 00011000 08:01 4464688                    /usr/lib/x86_64-linux-gnu/libXext.so.6.4.0
7f813a8b5000-7f813a8b6000 r--p 00010000 08:01 4464688                    /usr/lib/x86_64-linux-gnu/libXext.so.6.4.0
7f813a8b6000-7f813a8b7000 rw-p 00011000 08:01 4464688                    /usr/lib/x86_64-linux-gnu/libXext.so.6.4.0
7f813a8df000-7f813a92f000 r-xp 00000000 08:01 6431210                    /usr/lib/jvm/java-7-oracle/jre/lib/amd64/xawt/libmawt.so
7f813a92f000-7f813ab2f000 ---p 00050000 08:01 6431210                    /usr/lib/jvm/java-7-oracle/jre/lib/amd64/xawt/libmawt.so
7f813ab2f000-7f813ab33000 rw-p 00050000 08:01 6431210                    /usr/lib/jvm/java-7-oracle/jre/lib/amd64/xawt/libmawt.so
7f813ab33000-7f813ab34000 rw-p 00000000 00:00 0 
7f813ab34000-7f813abd6000 r-xp 00000000 08:01 6431236                    /usr/lib/jvm/java-7-oracle/jre/lib/amd64/libawt.so
7f813abd6000-7f813add6000 ---p 000a2000 08:01 6431236                    /usr/lib/jvm/java-7-oracle/jre/lib/amd64/libawt.so
7f813add6000-7f813ade2000 rw-p 000a2000 08:01 6431236                    /usr/lib/jvm/java-7-oracle/jre/lib/amd64/libawt.so
7f813ade2000-7f813b107000 rw-p 00000000 00:00 0 
7f813b107000-7f813b11e000 r-xp 00000000 08:01 6431237                    /usr/lib/jvm/java-7-oracle/jre/lib/amd64/libnet.so
7f813b11e000-7f813b31d000 ---p 00017000 08:01 6431237                    /usr/lib/jvm/java-7-oracle/jre/lib/amd64/libnet.so
7f813b31d000-7f813b31e000 rw-p 00016000 08:01 6431237                    /usr/lib/jvm/java-7-oracle/jre/lib/amd64/libnet.so
7f813b31e000-7f813b321000 ---p 00000000 00:00 0 
7f813b321000-7f813b41f000 rw-p 00000000 00:00 0 
7f813b41f000-7f813b420000 r-xp 00000000 08:11 88930                      /mnt/0e30dc8f-20c2-4c0a-8baa-b104d38db77e/Programmer/idea-IU-143.1821.5/bin/libbreakgen64.so
7f813b420000-7f813b61f000 ---p 00001000 08:11 88930                      /mnt/0e30dc8f-20c2-4c0a-8baa-b104d38db77e/Programmer/idea-IU-143.1821.5/bin/libbreakgen64.so
7f813b61f000-7f813b620000 r--p 00000000 08:11 88930                      /mnt/0e30dc8f-20c2-4c0a-8baa-b104d38db77e/Programmer/idea-IU-143.1821.5/bin/libbreakgen64.so
7f813b620000-7f813b621000 rw-p 00001000 08:11 88930                      /mnt/0e30dc8f-20c2-4c0a-8baa-b104d38db77e/Programmer/idea-IU-143.1821.5/bin/libbreakgen64.so
7f813b621000-7f813b622000 ---p 00000000 00:00 0 
7f813b622000-7f813b722000 rw-p 00000000 00:00 0 
7f813b722000-7f813b725000 ---p 00000000 00:00 0 
7f813b725000-7f813b823000 rw-p 00000000 00:00 0 
7f813b823000-7f813b826000 ---p 00000000 00:00 0 
7f813b826000-7f813b924000 rw-p 00000000 00:00 0 
7f813b924000-7f813b927000 ---p 00000000 00:00 0 
7f813b927000-7f813ba25000 rw-p 00000000 00:00 0 
7f813ba25000-7f813ba28000 ---p 00000000 00:00 0 
7f813ba28000-7f813bb26000 rw-p 00000000 00:00 0 
7f813bb26000-7f813bdfe000 r--p 00000000 08:01 4460634                    /usr/lib/locale/locale-archive
7f813bdfe000-7f813be01000 ---p 00000000 00:00 0 
7f813be01000-7f813beff000 rw-p 00000000 00:00 0 
7f813beff000-7f813bf02000 ---p 00000000 00:00 0 
7f813bf02000-7f813c000000 rw-p 00000000 00:00 0 
7f813c000000-7f813c021000 rw-p 00000000 00:00 0 
7f813c021000-7f8140000000 ---p 00000000 00:00 0 
7f8140000000-7f8140021000 rw-p 00000000 00:00 0 
7f8140021000-7f8144000000 ---p 00000000 00:00 0 
7f8144000000-7f8144021000 rw-p 00000000 00:00 0 
7f8144021000-7f8148000000 ---p 00000000 00:00 0 
7f814801f000-7f8148049000 r--s 001e9000 08:01 7087839                    /home/silverbaq/GitRepos/Pervasive-MA2/untitled/guava-15.0-rc1.jar
7f8148049000-7f81480d8000 r--s 00de4000 08:01 6432238                    /usr/lib/jvm/java-7-oracle/jre/lib/jfxrt.jar
7f81480d8000-7f81480f1000 r--s 001e7000 08:01 6432243                    /usr/lib/jvm/java-7-oracle/jre/lib/deploy.jar
7f81480f1000-7f81480f2000 ---p 00000000 00:00 0 
7f81480f2000-7f8149000000 rw-p 00000000 00:00 0 
7f8149000000-7f8149270000 rwxp 00000000 00:00 0 
7f8149270000-7f814c222000 rw-p 00000000 00:00 0 
7f814c222000-7f8150000000 ---p 00000000 00:00 0 
7f8150000000-7f8150002000 r--s 0001e000 08:11 47617                      /mnt/0e30dc8f-20c2-4c0a-8baa-b104d38db77e/Programmer/idea-IU-143.1821.5/lib/idea_rt.jar
7f8150002000-7f8150004000 r--s 0000d000 08:01 13902403                   /home/silverbaq/GitRepos/Pervasive-MA2/untitled/rxtx-2.1.7.jar
7f8150004000-7f8150017000 r--s 000d6000 08:01 6431176                    /usr/lib/jvm/java-7-oracle/jre/lib/plugin.jar
7f8150017000-7f8150e98000 rw-p 00000000 00:00 0 
7f8150e98000-7f8151058000 r--s 039fb000 08:01 6432252                    /usr/lib/jvm/java-7-oracle/jre/lib/rt.jar
7f8151058000-7f815157b000 rw-p 00000000 00:00 0 
7f815157b000-7f815157c000 ---p 00000000 00:00 0 
7f815157c000-7f815167c000 rw-p 00000000 00:00 0 
7f815167c000-7f815167d000 ---p 00000000 00:00 0 
7f815167d000-7f815177d000 rw-p 00000000 00:00 0 
7f815177d000-7f815177e000 ---p 00000000 00:00 0 
7f815177e000-7f815187e000 rw-p 00000000 00:00 0 
7f815187e000-7f815187f000 ---p 00000000 00:00 0 
7f815187f000-7f815197f000 rw-p 00000000 00:00 0 
7f815197f000-7f8151980000 ---p 00000000 00:00 0 
7f8151980000-7f8151a80000 rw-p 00000000 00:00 0 
7f8151a80000-7f8151a81000 ---p 00000000 00:00 0 
7f8151a81000-7f8151b81000 rw-p 00000000 00:00 0 
7f8151b81000-7f8151b82000 ---p 00000000 00:00 0 
7f8151b82000-7f8151c82000 rw-p 00000000 00:00 0 
7f8151c82000-7f8151c83000 ---p 00000000 00:00 0 
7f8151c83000-7f8151d8e000 rw-p 00000000 00:00 0 
7f8151d8e000-7f8151dac000 rw-p 00000000 00:00 0 
7f8151dac000-7f8151dd5000 rw-p 00000000 00:00 0 
7f8151dd5000-7f815203c000 rw-p 00000000 00:00 0 
7f815203c000-7f8152047000 rw-p 00000000 00:00 0 
7f8152047000-7f8152065000 rw-p 00000000 00:00 0 
7f8152065000-7f815208e000 rw-p 00000000 00:00 0 
7f815208e000-7f81522f5000 rw-p 00000000 00:00 0 
7f81522f5000-7f815230a000 rw-p 00000000 00:00 0 
7f815230a000-7f815243d000 rw-p 00000000 00:00 0 
7f815243d000-7f815243e000 rw-p 00000000 00:00 0 
7f815243e000-7f8152455000 r-xp 00000000 08:01 6431231                    /usr/lib/jvm/java-7-oracle/jre/lib/amd64/libzip.so
7f8152455000-7f8152655000 ---p 00017000 08:01 6431231                    /usr/lib/jvm/java-7-oracle/jre/lib/amd64/libzip.so
7f8152655000-7f8152656000 rw-p 00017000 08:01 6431231                    /usr/lib/jvm/java-7-oracle/jre/lib/amd64/libzip.so
7f8152656000-7f8152661000 r-xp 00000000 08:01 13114229                   /lib/x86_64-linux-gnu/libnss_files-2.23.so
7f8152661000-7f8152860000 ---p 0000b000 08:01 13114229                   /lib/x86_64-linux-gnu/libnss_files-2.23.so
7f8152860000-7f8152861000 r--p 0000a000 08:01 13114229                   /lib/x86_64-linux-gnu/libnss_files-2.23.so
7f8152861000-7f8152862000 rw-p 0000b000 08:01 13114229                   /lib/x86_64-linux-gnu/libnss_files-2.23.so
7f8152862000-7f8152868000 rw-p 00000000 00:00 0 
7f8152868000-7f8152873000 r-xp 00000000 08:01 13114226                   /lib/x86_64-linux-gnu/libnss_nis-2.23.so
7f8152873000-7f8152a72000 ---p 0000b000 08:01 13114226                   /lib/x86_64-linux-gnu/libnss_nis-2.23.so
7f8152a72000-7f8152a73000 r--p 0000a000 08:01 13114226                   /lib/x86_64-linux-gnu/libnss_nis-2.23.so
7f8152a73000-7f8152a74000 rw-p 0000b000 08:01 13114226                   /lib/x86_64-linux-gnu/libnss_nis-2.23.so
7f8152a74000-7f8152a8a000 r-xp 00000000 08:01 13114208                   /lib/x86_64-linux-gnu/libnsl-2.23.so
7f8152a8a000-7f8152c89000 ---p 00016000 08:01 13114208                   /lib/x86_64-linux-gnu/libnsl-2.23.so
7f8152c89000-7f8152c8a000 r--p 00015000 08:01 13114208                   /lib/x86_64-linux-gnu/libnsl-2.23.so
7f8152c8a000-7f8152c8b000 rw-p 00016000 08:01 13114208                   /lib/x86_64-linux-gnu/libnsl-2.23.so
7f8152c8b000-7f8152c8d000 rw-p 00000000 00:00 0 
7f8152c8d000-7f8152c95000 r-xp 00000000 08:01 13114204                   /lib/x86_64-linux-gnu/libnss_compat-2.23.so
7f8152c95000-7f8152e94000 ---p 00008000 08:01 13114204                   /lib/x86_64-linux-gnu/libnss_compat-2.23.so
7f8152e94000-7f8152e95000 r--p 00007000 08:01 13114204                   /lib/x86_64-linux-gnu/libnss_compat-2.23.so
7f8152e95000-7f8152e96000 rw-p 00008000 08:01 13114204                   /lib/x86_64-linux-gnu/libnss_compat-2.23.so
7f8152e96000-7f8152ebf000 r-xp 00000000 08:01 6431186                    /usr/lib/jvm/java-7-oracle/jre/lib/amd64/libjava.so
7f8152ebf000-7f81530bf000 ---p 00029000 08:01 6431186                    /usr/lib/jvm/java-7-oracle/jre/lib/amd64/libjava.so
7f81530bf000-7f81530c1000 rw-p 00029000 08:01 6431186                    /usr/lib/jvm/java-7-oracle/jre/lib/amd64/libjava.so
7f81530c1000-7f81530ce000 r-xp 00000000 08:01 6431222                    /usr/lib/jvm/java-7-oracle/jre/lib/amd64/libverify.so
7f81530ce000-7f81532cd000 ---p 0000d000 08:01 6431222                    /usr/lib/jvm/java-7-oracle/jre/lib/amd64/libverify.so
7f81532cd000-7f81532cf000 rw-p 0000c000 08:01 6431222                    /usr/lib/jvm/java-7-oracle/jre/lib/amd64/libverify.so
7f81532cf000-7f81532d6000 r-xp 00000000 08:01 13114238                   /lib/x86_64-linux-gnu/librt-2.23.so
7f81532d6000-7f81534d5000 ---p 00007000 08:01 13114238                   /lib/x86_64-linux-gnu/librt-2.23.so
7f81534d5000-7f81534d6000 r--p 00006000 08:01 13114238                   /lib/x86_64-linux-gnu/librt-2.23.so
7f81534d6000-7f81534d7000 rw-p 00007000 08:01 13114238                   /lib/x86_64-linux-gnu/librt-2.23.so
7f81534d7000-7f81535df000 r-xp 00000000 08:01 13114235                   /lib/x86_64-linux-gnu/libm-2.23.so
7f81535df000-7f81537de000 ---p 00108000 08:01 13114235                   /lib/x86_64-linux-gnu/libm-2.23.so
7f81537de000-7f81537df000 r--p 00107000 08:01 13114235                   /lib/x86_64-linux-gnu/libm-2.23.so
7f81537df000-7f81537e0000 rw-p 00108000 08:01 13114235                   /lib/x86_64-linux-gnu/libm-2.23.so
7f81537e0000-7f8154356000 r-xp 00000000 08:01 6431258                    /usr/lib/jvm/java-7-oracle/jre/lib/amd64/server/libjvm.so
7f8154356000-7f8154555000 ---p 00b76000 08:01 6431258                    /usr/lib/jvm/java-7-oracle/jre/lib/amd64/server/libjvm.so
7f8154555000-7f8154619000 rw-p 00b75000 08:01 6431258                    /usr/lib/jvm/java-7-oracle/jre/lib/amd64/server/libjvm.so
7f8154619000-7f815465a000 rw-p 00000000 00:00 0 
7f815465a000-7f815481a000 r-xp 00000000 08:01 13114243                   /lib/x86_64-linux-gnu/libc-2.23.so
7f815481a000-7f8154a19000 ---p 001c0000 08:01 13114243                   /lib/x86_64-linux-gnu/libc-2.23.so
7f8154a19000-7f8154a1d000 r--p 001bf000 08:01 13114243                   /lib/x86_64-linux-gnu/libc-2.23.so
7f8154a1d000-7f8154a1f000 rw-p 001c3000 08:01 13114243                   /lib/x86_64-linux-gnu/libc-2.23.so
7f8154a1f000-7f8154a23000 rw-p 00000000 00:00 0 
7f8154a23000-7f8154a26000 r-xp 00000000 08:01 13114244                   /lib/x86_64-linux-gnu/libdl-2.23.so
7f8154a26000-7f8154c25000 ---p 00003000 08:01 13114244                   /lib/x86_64-linux-gnu/libdl-2.23.so
7f8154c25000-7f8154c26000 r--p 00002000 08:01 13114244                   /lib/x86_64-linux-gnu/libdl-2.23.so
7f8154c26000-7f8154c27000 rw-p 00003000 08:01 13114244                   /lib/x86_64-linux-gnu/libdl-2.23.so
7f8154c27000-7f8154c3c000 r-xp 00000000 08:01 6556106                    /usr/lib/jvm/java-7-oracle/lib/amd64/jli/libjli.so
7f8154c3c000-7f8154e3b000 ---p 00015000 08:01 6556106                    /usr/lib/jvm/java-7-oracle/lib/amd64/jli/libjli.so
7f8154e3b000-7f8154e3c000 rw-p 00014000 08:01 6556106                    /usr/lib/jvm/java-7-oracle/lib/amd64/jli/libjli.so
7f8154e3c000-7f8154e54000 r-xp 00000000 08:01 13114242                   /lib/x86_64-linux-gnu/libpthread-2.23.so
7f8154e54000-7f8155053000 ---p 00018000 08:01 13114242                   /lib/x86_64-linux-gnu/libpthread-2.23.so
7f8155053000-7f8155054000 r--p 00017000 08:01 13114242                   /lib/x86_64-linux-gnu/libpthread-2.23.so
7f8155054000-7f8155055000 rw-p 00018000 08:01 13114242                   /lib/x86_64-linux-gnu/libpthread-2.23.so
7f8155055000-7f8155059000 rw-p 00000000 00:00 0 
7f8155059000-7f815507f000 r-xp 00000000 08:01 13114239                   /lib/x86_64-linux-gnu/ld-2.23.so
7f8155080000-7f815508a000 r--s 00253000 08:01 6431293                    /usr/lib/jvm/java-7-oracle/jre/lib/resources.jar
7f815508a000-7f815508b000 r--s 00000000 08:01 6432251                    /usr/lib/jvm/java-7-oracle/jre/lib/management-agent.jar
7f815508b000-7f815508f000 r--s 0008b000 08:01 6432247                    /usr/lib/jvm/java-7-oracle/jre/lib/jsse.jar
7f815508f000-7f8155099000 rw-p 00000000 00:00 0 
7f8155099000-7f815514f000 rw-p 00000000 00:00 0 
7f815514f000-7f8155152000 ---p 00000000 00:00 0 
7f8155152000-7f8155254000 rw-p 00000000 00:00 0 
7f8155254000-7f8155259000 r--s 0007e000 08:01 6432249                    /usr/lib/jvm/java-7-oracle/jre/lib/jfr.jar
7f8155259000-7f815525c000 r--s 00019000 08:01 6432240                    /usr/lib/jvm/java-7-oracle/jre/lib/jce.jar
7f815525c000-7f8155265000 r--s 00068000 08:01 6432254                    /usr/lib/jvm/java-7-oracle/jre/lib/javaws.jar
7f8155265000-7f8155270000 r--s 0037c000 08:01 6432253                    /usr/lib/jvm/java-7-oracle/jre/lib/charsets.jar
7f8155270000-7f8155272000 r--s 0000d000 08:01 6422571                    /usr/lib/jvm/java-7-oracle/jre/lib/ext/RXTXcomm.jar
7f8155272000-7f815527a000 rw-s 00000000 08:01 3806255                    /tmp/hsperfdata_silverbaq/15949
7f815527a000-7f815527b000 rw-p 00000000 00:00 0 
7f815527b000-7f815527c000 r--p 00000000 00:00 0 
7f815527c000-7f815527e000 rw-p 00000000 00:00 0 
7f815527e000-7f815527f000 r--p 00025000 08:01 13114239                   /lib/x86_64-linux-gnu/ld-2.23.so
7f815527f000-7f8155280000 rw-p 00026000 08:01 13114239                   /lib/x86_64-linux-gnu/ld-2.23.so
7f8155280000-7f8155281000 rw-p 00000000 00:00 0 
7ffc50bb3000-7ffc50bd4000 rw-p 00000000 00:00 0                          [stack]
7ffc50bf6000-7ffc50bf8000 r--p 00000000 00:00 0                          [vvar]
7ffc50bf8000-7ffc50bfa000 r-xp 00000000 00:00 0                          [vdso]
ffffffffff600000-ffffffffff601000 r-xp 00000000 00:00 0                  [vsyscall]

VM Arguments:
jvm_args: -Didea.launcher.port=7547 -Didea.launcher.bin.path=/mnt/0e30dc8f-20c2-4c0a-8baa-b104d38db77e/Programmer/idea-IU-143.1821.5/bin -Dfile.encoding=UTF-8 
java_command: com.intellij.rt.execution.application.AppMain SerialTest
Launcher Type: SUN_STANDARD

Environment Variables:
JAVA_HOME=/usr/lib/jvm/java-7-oracle
PATH=/usr/local/sbin:/usr/local/bin:/usr/sbin:/usr/bin:/sbin:/bin:/usr/games:/usr/local/games:/snap/bin:/usr/lib/jvm/java-7-oracle/bin:/usr/lib/jvm/java-7-oracle/db/bin:/usr/lib/jvm/java-7-oracle/jre/bin:/home/silverbaq/algs4/bin
LD_LIBRARY_PATH=/mnt/0e30dc8f-20c2-4c0a-8baa-b104d38db77e/Programmer/idea-IU-143.1821.5/bin:
SHELL=/bin/bash
DISPLAY=:0

Signal Handlers:
SIGSEGV: [libjvm.so+0x9a3b20], sa_mask[0]=0x7ffbfeff, sa_flags=0x10000004
SIGBUS: [libjvm.so+0x9a3b20], sa_mask[0]=0x7ffbfeff, sa_flags=0x10000004
SIGFPE: [libjvm.so+0x81e740], sa_mask[0]=0x7ffbfeff, sa_flags=0x10000004
SIGPIPE: [libjvm.so+0x81e740], sa_mask[0]=0x7ffbfeff, sa_flags=0x10000004
SIGXFSZ: [libjvm.so+0x81e740], sa_mask[0]=0x7ffbfeff, sa_flags=0x10000004
SIGILL: [libjvm.so+0x81e740], sa_mask[0]=0x7ffbfeff, sa_flags=0x10000004
SIGUSR1: SIG_DFL, sa_mask[0]=0x00000000, sa_flags=0x00000000
SIGUSR2: [libjvm.so+0x81ffb0], sa_mask[0]=0x00000004, sa_flags=0x10000004
SIGHUP: [libjvm.so+0x8210d0], sa_mask[0]=0x7ffbfeff, sa_flags=0x10000004
SIGINT: [libjvm.so+0x8210d0], sa_mask[0]=0x7ffbfeff, sa_flags=0x10000004
SIGTERM: [libjvm.so+0x8210d0], sa_mask[0]=0x7ffbfeff, sa_flags=0x10000004
SIGQUIT: [libjvm.so+0x8210d0], sa_mask[0]=0x7ffbfeff, sa_flags=0x10000004


---------------  S Y S T E M  ---------------

OS:stretch/sid

uname:Linux 4.4.0-21-generic #37-Ubuntu SMP Mon Apr 18 18:33:37 UTC 2016 x86_64
libc:glibc 2.23 NPTL 2.23 
rlimit: STACK 8192k, CORE 0k, NPROC 31327, NOFILE 65536, AS infinity
load average:0.43 0.35 0.42

/proc/meminfo:
MemTotal:        8058200 kB
MemFree:           85688 kB
MemAvailable:    2496692 kB
Buffers:          233216 kB
Cached:          2243988 kB
SwapCached:          128 kB
Active:          5667688 kB
Inactive:        1890316 kB
Active(anon):    4318284 kB
Inactive(anon):   910124 kB
Active(file):    1349404 kB
Inactive(file):   980192 kB
Unevictable:         708 kB
Mlocked:             708 kB
SwapTotal:       8270844 kB
SwapFree:        8268548 kB
Dirty:              7396 kB
Writeback:             0 kB
AnonPages:       5081784 kB
Mapped:           746512 kB
Shmem:            147616 kB
Slab:             184748 kB
SReclaimable:     123684 kB
SUnreclaim:        61064 kB
KernelStack:       18704 kB
PageTables:        72452 kB
NFS_Unstable:          0 kB
Bounce:                0 kB
WritebackTmp:          0 kB
CommitLimit:    12299944 kB
Committed_AS:   13417320 kB
VmallocTotal:   34359738367 kB
VmallocUsed:           0 kB
VmallocChunk:          0 kB
HardwareCorrupted:     0 kB
AnonHugePages:   2549760 kB
CmaTotal:              0 kB
CmaFree:               0 kB
HugePages_Total:       0
HugePages_Free:        0
HugePages_Rsvd:        0
HugePages_Surp:        0
Hugepagesize:       2048 kB
DirectMap4k:      293080 kB
DirectMap2M:     7979008 kB


CPU:total 8 (4 cores per cpu, 2 threads per core) family 6 model 58 stepping 9, cmov, cx8, fxsr, mmx, sse, sse2, sse3, ssse3, sse4.1, sse4.2, popcnt, avx, aes, erms, ht, tsc, tscinvbit, tscinv

/proc/cpuinfo:
processor	: 0
vendor_id	: GenuineIntel
cpu family	: 6
model		: 58
model name	: Intel(R) Core(TM) i7-3610QM CPU @ 2.30GHz
stepping	: 9
microcode	: 0x12
cpu MHz		: 2130.015
cache size	: 6144 KB
physical id	: 0
siblings	: 8
core id		: 0
cpu cores	: 4
apicid		: 0
initial apicid	: 0
fpu		: yes
fpu_exception	: yes
cpuid level	: 13
wp		: yes
flags		: fpu vme de pse tsc msr pae mce cx8 apic sep mtrr pge mca cmov pat pse36 clflush dts acpi mmx fxsr sse sse2 ss ht tm pbe syscall nx rdtscp lm constant_tsc arch_perfmon pebs bts rep_good nopl xtopology nonstop_tsc aperfmperf eagerfpu pni pclmulqdq dtes64 monitor ds_cpl vmx est tm2 ssse3 cx16 xtpr pdcm pcid sse4_1 sse4_2 x2apic popcnt tsc_deadline_timer aes xsave avx f16c rdrand lahf_lm epb tpr_shadow vnmi flexpriority ept vpid fsgsbase smep erms xsaveopt dtherm ida arat pln pts
bugs		:
bogomips	: 4589.48
clflush size	: 64
cache_alignment	: 64
address sizes	: 36 bits physical, 48 bits virtual
power management:

processor	: 1
vendor_id	: GenuineIntel
cpu family	: 6
model		: 58
model name	: Intel(R) Core(TM) i7-3610QM CPU @ 2.30GHz
stepping	: 9
microcode	: 0x12
cpu MHz		: 2376.097
cache size	: 6144 KB
physical id	: 0
siblings	: 8
core id		: 1
cpu cores	: 4
apicid		: 2
initial apicid	: 2
fpu		: yes
fpu_exception	: yes
cpuid level	: 13
wp		: yes
flags		: fpu vme de pse tsc msr pae mce cx8 apic sep mtrr pge mca cmov pat pse36 clflush dts acpi mmx fxsr sse sse2 ss ht tm pbe syscall nx rdtscp lm constant_tsc arch_perfmon pebs bts rep_good nopl xtopology nonstop_tsc aperfmperf eagerfpu pni pclmulqdq dtes64 monitor ds_cpl vmx est tm2 ssse3 cx16 xtpr pdcm pcid sse4_1 sse4_2 x2apic popcnt tsc_deadline_timer aes xsave avx f16c rdrand lahf_lm epb tpr_shadow vnmi flexpriority ept vpid fsgsbase smep erms xsaveopt dtherm ida arat pln pts
bugs		:
bogomips	: 4589.48
clflush size	: 64
cache_alignment	: 64
address sizes	: 36 bits physical, 48 bits virtual
power management:

processor	: 2
vendor_id	: GenuineIntel
cpu family	: 6
model		: 58
model name	: Intel(R) Core(TM) i7-3610QM CPU @ 2.30GHz
stepping	: 9
microcode	: 0x12
cpu MHz		: 2591.363
cache size	: 6144 KB
physical id	: 0
siblings	: 8
core id		: 2
cpu cores	: 4
apicid		: 4
initial apicid	: 4
fpu		: yes
fpu_exception	: yes
cpuid level	: 13
wp		: yes
flags		: fpu vme de pse tsc msr pae mce cx8 apic sep mtrr pge mca cmov pat pse36 clflush dts acpi mmx fxsr sse sse2 ss ht tm pbe syscall nx rdtscp lm constant_tsc arch_perfmon pebs bts rep_good nopl xtopology nonstop_tsc aperfmperf eagerfpu pni pclmulqdq dtes64 monitor ds_cpl vmx est tm2 ssse3 cx16 xtpr pdcm pcid sse4_1 sse4_2 x2apic popcnt tsc_deadline_timer aes xsave avx f16c rdrand lahf_lm epb tpr_shadow vnmi flexpriority ept vpid fsgsbase smep erms xsaveopt dtherm ida arat pln pts
bugs		:
bogomips	: 4589.48
clflush size	: 64
cache_alignment	: 64
address sizes	: 36 bits physical, 48 bits virtual
power management:

processor	: 3
vendor_id	: GenuineIntel
cpu family	: 6
model		: 58
model name	: Intel(R) Core(TM) i7-3610QM CPU @ 2.30GHz
stepping	: 9
microcode	: 0x12
cpu MHz		: 3087.121
cache size	: 6144 KB
physical id	: 0
siblings	: 8
core id		: 3
cpu cores	: 4
apicid		: 6
initial apicid	: 6
fpu		: yes
fpu_exception	: yes
cpuid level	: 13
wp		: yes
flags		: fpu vme de pse tsc msr pae mce cx8 apic sep mtrr pge mca cmov pat pse36 clflush dts acpi mmx fxsr sse sse2 ss ht tm pbe syscall nx rdtscp lm constant_tsc arch_perfmon pebs bts rep_good nopl xtopology nonstop_tsc aperfmperf eagerfpu pni pclmulqdq dtes64 monitor ds_cpl vmx est tm2 ssse3 cx16 xtpr pdcm pcid sse4_1 sse4_2 x2apic popcnt tsc_deadline_timer aes xsave avx f16c rdrand lahf_lm epb tpr_shadow vnmi flexpriority ept vpid fsgsbase smep erms xsaveopt dtherm ida arat pln pts
bugs		:
bogomips	: 4589.48
clflush size	: 64
cache_alignment	: 64
address sizes	: 36 bits physical, 48 bits virtual
power management:

processor	: 4
vendor_id	: GenuineIntel
cpu family	: 6
model		: 58
model name	: Intel(R) Core(TM) i7-3610QM CPU @ 2.30GHz
stepping	: 9
microcode	: 0x12
cpu MHz		: 3070.859
cache size	: 6144 KB
physical id	: 0
siblings	: 8
core id		: 0
cpu cores	: 4
apicid		: 1
initial apicid	: 1
fpu		: yes
fpu_exception	: yes
cpuid level	: 13
wp		: yes
flags		: fpu vme de pse tsc msr pae mce cx8 apic sep mtrr pge mca cmov pat pse36 clflush dts acpi mmx fxsr sse sse2 ss ht tm pbe syscall nx rdtscp lm constant_tsc arch_perfmon pebs bts rep_good nopl xtopology nonstop_tsc aperfmperf eagerfpu pni pclmulqdq dtes64 monitor ds_cpl vmx est tm2 ssse3 cx16 xtpr pdcm pcid sse4_1 sse4_2 x2apic popcnt tsc_deadline_timer aes xsave avx f16c rdrand lahf_lm epb tpr_shadow vnmi flexpriority ept vpid fsgsbase smep erms xsaveopt dtherm ida arat pln pts
bugs		:
bogomips	: 4589.48
clflush size	: 64
cache_alignment	: 64
address sizes	: 36 bits physical, 48 bits virtual
power management:

processor	: 5
vendor_id	: GenuineIntel
cpu family	: 6
model		: 58
model name	: Intel(R) Core(TM) i7-3610QM CPU @ 2.30GHz
stepping	: 9
microcode	: 0x12
cpu MHz		: 2937.710
cache size	: 6144 KB
physical id	: 0
siblings	: 8
core id		: 1
cpu cores	: 4
apicid		: 3
initial apicid	: 3
fpu		: yes
fpu_exception	: yes
cpuid level	: 13
wp		: yes
flags		: fpu vme de pse tsc msr pae mce cx8 apic sep mtrr pge mca cmov pat pse36 clflush dts acpi mmx fxsr sse sse2 ss ht tm pbe syscall nx rdtscp lm constant_tsc arch_perfmon pebs bts rep_good nopl xtopology nonstop_tsc aperfmperf eagerfpu pni pclmulqdq dtes64 monitor ds_cpl vmx est tm2 ssse3 cx16 xtpr pdcm pcid sse4_1 sse4_2 x2apic popcnt tsc_deadline_timer aes xsave avx f16c rdrand lahf_lm epb tpr_shadow vnmi flexpriority ept vpid fsgsbase smep erms xsaveopt dtherm ida arat pln pts
bugs		:
bogomips	: 4589.48
clflush size	: 64
cache_alignment	: 64
address sizes	: 36 bits physical, 48 bits virtual
power management:

processor	: 6
vendor_id	: GenuineIntel
cpu family	: 6
model		: 58
model name	: Intel(R) Core(TM) i7-3610QM CPU @ 2.30GHz
stepping	: 9
microcode	: 0x12
cpu MHz		: 3047.859
cache size	: 6144 KB
physical id	: 0
siblings	: 8
core id		: 2
cpu cores	: 4
apicid		: 5
initial apicid	: 5
fpu		: yes
fpu_exception	: yes
cpuid level	: 13
wp		: yes
flags		: fpu vme de pse tsc msr pae mce cx8 apic sep mtrr pge mca cmov pat pse36 clflush dts acpi mmx fxsr sse sse2 ss ht tm pbe syscall nx rdtscp lm constant_tsc arch_perfmon pebs bts rep_good nopl xtopology nonstop_tsc aperfmperf eagerfpu pni pclmulqdq dtes64 monitor ds_cpl vmx est tm2 ssse3 cx16 xtpr pdcm pcid sse4_1 sse4_2 x2apic popcnt tsc_deadline_timer aes xsave avx f16c rdrand lahf_lm epb tpr_shadow vnmi flexpriority ept vpid fsgsbase smep erms xsaveopt dtherm ida arat pln pts
bugs		:
bogomips	: 4589.48
clflush size	: 64
cache_alignment	: 64
address sizes	: 36 bits physical, 48 bits virtual
power management:

processor	: 7
vendor_id	: GenuineIntel
cpu family	: 6
model		: 58
model name	: Intel(R) Core(TM) i7-3610QM CPU @ 2.30GHz
stepping	: 9
microcode	: 0x12
cpu MHz		: 2593.878
cache size	: 6144 KB
physical id	: 0
siblings	: 8
core id		: 3
cpu cores	: 4
apicid		: 7
initial apicid	: 7
fpu		: yes
fpu_exception	: yes
cpuid level	: 13
wp		: yes
flags		: fpu vme de pse tsc msr pae mce cx8 apic sep mtrr pge mca cmov pat pse36 clflush dts acpi mmx fxsr sse sse2 ss ht tm pbe syscall nx rdtscp lm constant_tsc arch_perfmon pebs bts rep_good nopl xtopology nonstop_tsc aperfmperf eagerfpu pni pclmulqdq dtes64 monitor ds_cpl vmx est tm2 ssse3 cx16 xtpr pdcm pcid sse4_1 sse4_2 x2apic popcnt tsc_deadline_timer aes xsave avx f16c rdrand lahf_lm epb tpr_shadow vnmi flexpriority ept vpid fsgsbase smep erms xsaveopt dtherm ida arat pln pts
bugs		:
bogomips	: 4589.48
clflush size	: 64
cache_alignment	: 64
address sizes	: 36 bits physical, 48 bits virtual
power management:



Memory: 4k page, physical 8058200k(85688k free), swap 8270844k(8268548k free)

vm_info: Java HotSpot(TM) 64-Bit Server VM (24.80-b11) for linux-amd64 JRE (1.7.0_80-b15), built on Apr 10 2015 19:53:14 by "java_re" with gcc 4.3.0 20080428 (Red Hat 4.3.0-8)

time: Thu Apr 28 17:10:19 2016
elapsed time: 1 seconds

