#
# A fatal error has been detected by the Java Runtime Environment:
#
#  SIGSEGV (0xb) at pc=0x00007fa812abf462, pid=16012, tid=140359844464384
#
# JRE version: Java(TM) SE Runtime Environment (7.0_80-b15) (build 1.7.0_80-b15)
# Java VM: Java HotSpot(TM) 64-Bit Server VM (24.80-b11 mixed mode linux-amd64 compressed oops)
# Problematic frame:
# C  [librxtxSerial.so+0x6462]  read_byte_array+0x52
#
# Failed to write core dump. Core dumps have been disabled. To enable core dumping, try "ulimit -c unlimited" before starting Java again
#
# If you would like to submit a bug report, please visit:
#   http://bugreport.java.com/bugreport/crash.jsp
# The crash happened outside the Java Virtual Machine in native code.
# See problematic frame for where to report the bug.
#

---------------  T H R E A D  ---------------

Current thread (0x00007fa7a806a000):  JavaThread "Thread-1" [_thread_in_native, id=16057, stack(0x00007fa8129b8000,0x00007fa812ab9000)]

siginfo:si_signo=SIGSEGV: si_errno=0, si_code=1 (SEGV_MAPERR), si_addr=0x0000000012ab7738

Registers:
RAX=0x0000000012ab7730, RBX=0xffffffffffffffff, RCX=0x0000000000000001, RDX=0x00007fa82ad8d7f0
RSP=0x00007fa812ab6af0, RBP=0x00007fa7a806a1e8, RSI=0x00007fa812ac2e30, RDI=0x00007fa812ac2d3e
R8 =0x00007fa812ab6a60, R9 =0x00000007d75b44c8, R10=0x0000000000000000, R11=0x00007fa82ad91de8
R12=0x00000000ffffffff, R13=0x0000000000000000, R14=0x000000000000001c, R15=0x0000000000000000
RIP=0x00007fa812abf462, EFLAGS=0x0000000000010206, CSGSFS=0x0000000000000033, ERR=0x0000000000000004
  TRAPNO=0x000000000000000e

Top of Stack: (sp=0x00007fa812ab6af0)
0x00007fa812ab6af0:   0000000000000000 0000000000000000
0x00007fa812ab6b00:   0000000000000000 0000000000000000
0x00007fa812ab6b10:   0000000000000000 0000000012ab7730
0x00007fa812ab6b20:   0000000000000000 0000000000000000
0x00007fa812ab6b30:   0000000000000000 0000000100000000
0x00007fa812ab6b40:   00007fa7a0000d80 0000001c00000000
0x00007fa812ab6b50:   0000000000000000 0000000000000000
0x00007fa812ab6b60:   0000000000000000 0000000000000000
0x00007fa812ab6b70:   0000000000000000 0000000000000000
0x00007fa812ab6b80:   0000000000002000 0000000000000000
0x00007fa812ab6b90:   000000000000001c 0000000000000000
0x00007fa812ab6ba0:   00007fa812ab6bd0 00007fa82a1ef38c
0x00007fa812ab6bb0:   00007fa812ab6be0 0000000000002000
0x00007fa812ab6bc0:   00007fa7a0000d80 00007fa7a0000d80
0x00007fa812ab6bd0:   000000000000001c 00007fa812ab6c30
0x00007fa812ab6be0:   00007fa7a806a1e8 ffffffffffffffff
0x00007fa812ab6bf0:   00007fa7a806a1e8 00007fa7a0000d80
0x00007fa812ab6c00:   0000000000000001 000000000000001c
0x00007fa812ab6c10:   0000000000000000 00007fa812abf8a1
0x00007fa812ab6c20:   00007fa7a806a000 00007fa812ab6d00
0x00007fa812ab6c30:   00007fa812ab6d08 00000007805c9a78
0x00007fa812ab6c40:   00007fa812ab6cd0 0000000000000000
0x00007fa812ab6c50:   00000007805c9a70 00007fa812ab6d08
0x00007fa812ab6c60:   00007fa7a806a000 00007fa821012d98
0x00007fa812ab6c70:   00007fa7c807e378 00007fa812ab6d08
0x00007fa812ab6c80:   00007fa7a806a000 0000000a000000b6
0x00007fa812ab6c90:   00007fa812ab6c90 00000007805c9a70
0x00007fa812ab6ca0:   00007fa812ab6d08 00000007805dacc0
0x00007fa812ab6cb0:   0000000000000000 00000007805c9a78
0x00007fa812ab6cc0:   0000000000000000 00007fa812ab6cf0
0x00007fa812ab6cd0:   00007fa812ab6d60 00007fa8210061d4
0x00007fa812ab6ce0:   0000000000000000 00007fa82100ecd6 

Instructions: (pc=0x00007fa812abf462)
0x00007fa812abf442:   89 44 24 4c 48 c7 44 24 40 00 00 00 00 48 c7 44
0x00007fa812abf452:   24 38 00 00 00 00 e8 53 d7 ff ff 48 89 44 24 28
0x00007fa812abf462:   8b 40 08 45 85 e4 48 8b 54 24 28 44 8b 7c 24 4c
0x00007fa812abf472:   89 44 24 34 c7 42 08 00 00 00 00 78 0c 31 c0 e8 

Register to memory mapping:

RAX=0x0000000012ab7730 is an unknown value
RBX=0xffffffffffffffff is an unknown value
RCX=0x0000000000000001 is an unknown value
RDX=0x00007fa82ad8d7f0: <offset 0xe4b7f0> in /usr/lib/jvm/java-7-oracle/jre/lib/amd64/server/libjvm.so at 0x00007fa829f42000
RSP=0x00007fa812ab6af0 is pointing into the stack for thread: 0x00007fa7a806a000
RBP=0x00007fa7a806a1e8 is an unknown value
RSI=0x00007fa812ac2e30: <offset 0x9e30> in /usr/lib/jvm/java-7-oracle/jre/lib/amd64/librxtxSerial.so at 0x00007fa812ab9000
RDI=0x00007fa812ac2d3e: <offset 0x9d3e> in /usr/lib/jvm/java-7-oracle/jre/lib/amd64/librxtxSerial.so at 0x00007fa812ab9000
R8 =0x00007fa812ab6a60 is pointing into the stack for thread: 0x00007fa7a806a000
R9 =0x00000007d75b44c8 is an oop
gnu.io.RXTXPort 
 - klass: 'gnu/io/RXTXPort'
R10=0x0000000000000000 is an unknown value
R11=0x00007fa82ad91de8: <offset 0xe4fde8> in /usr/lib/jvm/java-7-oracle/jre/lib/amd64/server/libjvm.so at 0x00007fa829f42000
R12=0x00000000ffffffff is an unknown value
R13=0x0000000000000000 is an unknown value
R14=0x000000000000001c is an unknown value
R15=0x0000000000000000 is an unknown value


Stack: [0x00007fa8129b8000,0x00007fa812ab9000],  sp=0x00007fa812ab6af0,  free space=1018k
Native frames: (J=compiled Java code, j=interpreted, Vv=VM code, C=native code)
C  [librxtxSerial.so+0x6462]  read_byte_array+0x52

Java frames: (J=compiled Java code, j=interpreted, Vv=VM code)
j  gnu.io.RXTXPort.readArray([BII)I+0
j  gnu.io.RXTXPort$SerialInputStream.read([BII)I+187
j  sun.nio.cs.StreamDecoder.readBytes()I+135
j  sun.nio.cs.StreamDecoder.implRead([CII)I+112
j  sun.nio.cs.StreamDecoder.read([CII)I+180
j  java.io.InputStreamReader.read([CII)I+7
j  java.io.BufferedReader.fill()V+145
j  java.io.BufferedReader.readLine(Z)Ljava/lang/String;+44
j  java.io.BufferedReader.readLine()Ljava/lang/String;+2
j  SerialTest.serialEvent(Lgnu/io/SerialPortEvent;)V+16
j  gnu.io.RXTXPort.sendEvent(IZ)Z+382
v  ~StubRoutines::call_stub
j  gnu.io.RXTXPort.eventLoop()V+0
j  gnu.io.RXTXPort$MonitorThread.run()V+12
v  ~StubRoutines::call_stub

---------------  P R O C E S S  ---------------

Java Threads: ( => current thread )
=>0x00007fa7a806a000 JavaThread "Thread-1" [_thread_in_native, id=16057, stack(0x00007fa8129b8000,0x00007fa812ab9000)]
  0x00007fa82400a800 JavaThread "DestroyJavaVM" [_thread_blocked, id=16013, stack(0x00007fa82b8b1000,0x00007fa82b9b2000)]
  0x00007fa824231800 JavaThread "Thread-0" [_thread_blocked, id=16053, stack(0x00007fa812bc6000,0x00007fa812cc7000)]
  0x00007fa7b0003800 JavaThread "AWT-EventQueue-0" [_thread_blocked, id=16052, stack(0x00007fa8135e6000,0x00007fa8136e7000)]
  0x00007fa824205800 JavaThread "AWT-Shutdown" [_thread_blocked, id=16051, stack(0x00007fa8136e7000,0x00007fa8137e8000)]
  0x00007fa8241eb800 JavaThread "AWT-XAWT" daemon [_thread_in_native, id=16045, stack(0x00007fa8137e8000,0x00007fa8138e9000)]
  0x00007fa8241c8800 JavaThread "Java2D Disposer" daemon [_thread_blocked, id=16044, stack(0x00007fa813cf9000,0x00007fa813dfa000)]
  0x00007fa824166000 JavaThread "Monitor Ctrl-Break" daemon [_thread_in_native, id=16030, stack(0x00007fa819a90000,0x00007fa819b91000)]
  0x00007fa8240a2000 JavaThread "Service Thread" daemon [_thread_blocked, id=16028, stack(0x00007fa819f66000,0x00007fa81a067000)]
  0x00007fa82409f800 JavaThread "C2 CompilerThread1" daemon [_thread_blocked, id=16027, stack(0x00007fa81a067000,0x00007fa81a168000)]
  0x00007fa82409c800 JavaThread "C2 CompilerThread0" daemon [_thread_blocked, id=16026, stack(0x00007fa81a168000,0x00007fa81a269000)]
  0x00007fa82409a800 JavaThread "Signal Dispatcher" daemon [_thread_blocked, id=16025, stack(0x00007fa81a269000,0x00007fa81a36a000)]
  0x00007fa824079800 JavaThread "Finalizer" daemon [_thread_blocked, id=16024, stack(0x00007fa81a642000,0x00007fa81a743000)]
  0x00007fa824077800 JavaThread "Reference Handler" daemon [_thread_blocked, id=16023, stack(0x00007fa81a743000,0x00007fa81a844000)]

Other Threads:
  0x00007fa824073000 VMThread [stack: 0x00007fa81a844000,0x00007fa81a945000] [id=16022]
  0x00007fa8240ac800 WatcherThread [stack: 0x00007fa819e65000,0x00007fa819f66000] [id=16029]

VM state:not at safepoint (normal execution)

VM Mutex/Monitor currently owned by a thread: None

Heap
 PSYoungGen      total 36864K, used 6985K [0x00000007d7000000, 0x00000007d9900000, 0x0000000800000000)
  eden space 31744K, 22% used [0x00000007d7000000,0x00000007d76d2778,0x00000007d8f00000)
  from space 5120K, 0% used [0x00000007d9400000,0x00000007d9400000,0x00000007d9900000)
  to   space 5120K, 0% used [0x00000007d8f00000,0x00000007d8f00000,0x00000007d9400000)
 ParOldGen       total 83968K, used 0K [0x0000000785000000, 0x000000078a200000, 0x00000007d7000000)
  object space 83968K, 0% used [0x0000000785000000,0x0000000785000000,0x000000078a200000)
 PSPermGen       total 21504K, used 8061K [0x000000077fe00000, 0x0000000781300000, 0x0000000785000000)
  object space 21504K, 37% used [0x000000077fe00000,0x00000007805df7f8,0x0000000781300000)

Card table byte_map: [0x00007fa82879e000,0x00007fa828ba0000] byte_map_base: 0x00007fa824b9f000

Polling page: 0x00007fa82b9dd000

Code Cache  [0x00007fa821000000, 0x00007fa821270000, 0x00007fa824000000)
 total_blobs=429 nmethods=26 adapters=357 free_code_cache=48607Kb largest_free_block=49751296

Compilation events (10 events):
Event: 1.514 Thread 0x00007fa82409c800   22             java.lang.String::length (6 bytes)
Event: 1.515 Thread 0x00007fa82409c800 nmethod 22 0x00007fa821083ed0 code [0x00007fa821084000, 0x00007fa821084078]
Event: 1.532 Thread 0x00007fa82409f800   23             java.lang.CharacterData::of (120 bytes)
Event: 1.532 Thread 0x00007fa82409c800   24             java.lang.CharacterDataLatin1::getProperties (11 bytes)
Event: 1.533 Thread 0x00007fa82409c800 nmethod 24 0x00007fa821089310 code [0x00007fa821089440, 0x00007fa8210894d8]
Event: 1.533 Thread 0x00007fa82409c800   25             java.util.Arrays::copyOfRange (63 bytes)
Event: 1.533 Thread 0x00007fa82409f800 nmethod 23 0x00007fa821085650 code [0x00007fa821085780, 0x00007fa8210857f8]
Event: 1.533 Thread 0x00007fa82409f800   26             java.lang.String::<init> (67 bytes)
Event: 1.536 Thread 0x00007fa82409c800 nmethod 25 0x00007fa821085190 code [0x00007fa8210852e0, 0x00007fa8210854f8]
Event: 1.539 Thread 0x00007fa82409f800 nmethod 26 0x00007fa821084bd0 code [0x00007fa821084d20, 0x00007fa821084fd8]

GC Heap History (0 events):
No events

Deoptimization events (4 events):
Event: 0.139 Thread 0x00007fa82400a800 Uncommon trap: reason=unstable_if action=reinterpret pc=0x00007fa821060400 method=java.lang.String.indexOf(II)I @ 49
Event: 0.158 Thread 0x00007fa82400a800 Uncommon trap: reason=class_check action=maybe_recompile pc=0x00007fa82107ca84 method=java.util.Properties$LineReader.readLine()I @ 62
Event: 0.158 Thread 0x00007fa82400a800 Uncommon trap: reason=unstable_if action=reinterpret pc=0x00007fa82107ca54 method=java.util.Properties$LineReader.readLine()I @ 369
Event: 0.159 Thread 0x00007fa82400a800 Uncommon trap: reason=unstable_if action=reinterpret pc=0x00007fa82107c10c method=java.util.Properties.loadConvert([CII[C)Ljava/lang/String; @ 57

Internal exceptions (10 events):
Event: 0.104 Thread 0x00007fa82400a800 Threw 0x00000007d723b618 at /HUDSON/workspace/7u-2-build-linux-amd64/jdk7u80/2329/hotspot/src/share/vm/prims/jvm.cpp:1319
Event: 0.199 Thread 0x00007fa82400a800 Threw 0x00000007d74c2c68 at /HUDSON/workspace/7u-2-build-linux-amd64/jdk7u80/2329/hotspot/src/share/vm/prims/jvm.cpp:1319
Event: 0.205 Thread 0x00007fa7b0003800 Threw 0x00000007d7342850 at /HUDSON/workspace/7u-2-build-linux-amd64/jdk7u80/2329/hotspot/src/share/vm/prims/jvm.cpp:1319
Event: 0.205 Thread 0x00007fa7b0003800 Threw 0x00000007d7342a78 at /HUDSON/workspace/7u-2-build-linux-amd64/jdk7u80/2329/hotspot/src/share/vm/prims/jvm.cpp:1319
Event: 0.205 Thread 0x00007fa7b0003800 Threw 0x00000007d7344ee8 at /HUDSON/workspace/7u-2-build-linux-amd64/jdk7u80/2329/hotspot/src/share/vm/prims/jvm.cpp:1319
Event: 0.205 Thread 0x00007fa7b0003800 Threw 0x00000007d7345110 at /HUDSON/workspace/7u-2-build-linux-amd64/jdk7u80/2329/hotspot/src/share/vm/prims/jvm.cpp:1319
Event: 1.499 Thread 0x00007fa7b0003800 Threw 0x00000007d737e040 at /HUDSON/workspace/7u-2-build-linux-amd64/jdk7u80/2329/hotspot/src/share/vm/prims/jni.cpp:717
Event: 1.510 Thread 0x00007fa7b0003800 Threw 0x00000007d7393000 at /HUDSON/workspace/7u-2-build-linux-amd64/jdk7u80/2329/hotspot/src/share/vm/prims/jni.cpp:717
Event: 1.517 Thread 0x00007fa7b0003800 Threw 0x00000007d73a5920 at /HUDSON/workspace/7u-2-build-linux-amd64/jdk7u80/2329/hotspot/src/share/vm/prims/jni.cpp:717
Event: 1.528 Thread 0x00007fa7b0003800 Threw 0x00000007d7596898 at /HUDSON/workspace/7u-2-build-linux-amd64/jdk7u80/2329/hotspot/src/share/vm/prims/jni.cpp:717

Events (10 events):
Event: 1.536 loading class 0x00007fa7a80703d0 done
Event: 1.536 loading class 0x00007fa7a8070190
Event: 1.536 loading class 0x00007fa7a8070190 done
Event: 1.538 loading class 0x00007fa7a80704e0
Event: 1.538 loading class 0x00007fa7a80704e0 done
Event: 1.539 loading class 0x00007fa7a804bbf0
Event: 1.539 loading class 0x00007fa7a804bbf0 done
Event: 1.541 loading class 0x00007fa7a8070210
Event: 1.541 loading class 0x00007fa7a8070210 done
Event: 1.542 Thread 0x00007fa7a806a000 Thread added: 0x00007fa7a806a000


Dynamic libraries:
00400000-00401000 r-xp 00000000 08:01 8390142                            /usr/lib/jvm/java-7-oracle/bin/java
00600000-00601000 rw-p 00000000 08:01 8390142                            /usr/lib/jvm/java-7-oracle/bin/java
00626000-00647000 rw-p 00000000 00:00 0                                  [heap]
77fe00000-781300000 rw-p 00000000 00:00 0 
781300000-785000000 rw-p 00000000 00:00 0 
785000000-78a200000 rw-p 00000000 00:00 0 
78a200000-7d7000000 rw-p 00000000 00:00 0 
7d7000000-7d9900000 rw-p 00000000 00:00 0 
7d9900000-800000000 rw-p 00000000 00:00 0 
7fa7a0000000-7fa7a0021000 rw-p 00000000 00:00 0 
7fa7a0021000-7fa7a4000000 ---p 00000000 00:00 0 
7fa7a8000000-7fa7a8072000 rw-p 00000000 00:00 0 
7fa7a8072000-7fa7ac000000 ---p 00000000 00:00 0 
7fa7ac000000-7fa7ac021000 rw-p 00000000 00:00 0 
7fa7ac021000-7fa7b0000000 ---p 00000000 00:00 0 
7fa7b0000000-7fa7b0021000 rw-p 00000000 00:00 0 
7fa7b0021000-7fa7b4000000 ---p 00000000 00:00 0 
7fa7b4000000-7fa7b4021000 rw-p 00000000 00:00 0 
7fa7b4021000-7fa7b8000000 ---p 00000000 00:00 0 
7fa7b8000000-7fa7b8021000 rw-p 00000000 00:00 0 
7fa7b8021000-7fa7bc000000 ---p 00000000 00:00 0 
7fa7bc000000-7fa7bc021000 rw-p 00000000 00:00 0 
7fa7bc021000-7fa7c0000000 ---p 00000000 00:00 0 
7fa7c0000000-7fa7c0021000 rw-p 00000000 00:00 0 
7fa7c0021000-7fa7c4000000 ---p 00000000 00:00 0 
7fa7c4000000-7fa7c4021000 rw-p 00000000 00:00 0 
7fa7c4021000-7fa7c8000000 ---p 00000000 00:00 0 
7fa7c8000000-7fa7c822f000 rw-p 00000000 00:00 0 
7fa7c822f000-7fa7cc000000 ---p 00000000 00:00 0 
7fa7cc000000-7fa7cc18d000 rw-p 00000000 00:00 0 
7fa7cc18d000-7fa7d0000000 ---p 00000000 00:00 0 
7fa7d0000000-7fa7d0021000 rw-p 00000000 00:00 0 
7fa7d0021000-7fa7d4000000 ---p 00000000 00:00 0 
7fa7d4000000-7fa7d4021000 rw-p 00000000 00:00 0 
7fa7d4021000-7fa7d8000000 ---p 00000000 00:00 0 
7fa7d8000000-7fa7d8021000 rw-p 00000000 00:00 0 
7fa7d8021000-7fa7dc000000 ---p 00000000 00:00 0 
7fa7dfff0000-7fa7e4000000 rw-p 00000000 00:00 0 
7fa7e4000000-7fa7e4021000 rw-p 00000000 00:00 0 
7fa7e4021000-7fa7e8000000 ---p 00000000 00:00 0 
7fa7e8000000-7fa7e8021000 rw-p 00000000 00:00 0 
7fa7e8021000-7fa7ec000000 ---p 00000000 00:00 0 
7fa7ec000000-7fa7ec021000 rw-p 00000000 00:00 0 
7fa7ec021000-7fa7f0000000 ---p 00000000 00:00 0 
7fa7f4000000-7fa7f4021000 rw-p 00000000 00:00 0 
7fa7f4021000-7fa7f8000000 ---p 00000000 00:00 0 
7fa7fc000000-7fa7fc021000 rw-p 00000000 00:00 0 
7fa7fc021000-7fa800000000 ---p 00000000 00:00 0 
7fa804000000-7fa804021000 rw-p 00000000 00:00 0 
7fa804021000-7fa808000000 ---p 00000000 00:00 0 
7fa80c000000-7fa80c021000 rw-p 00000000 00:00 0 
7fa80c021000-7fa810000000 ---p 00000000 00:00 0 
7fa8129b8000-7fa8129bb000 ---p 00000000 00:00 0 
7fa8129bb000-7fa812ab9000 rw-p 00000000 00:00 0 
7fa812ab9000-7fa812ac5000 r-xp 00000000 08:01 6422637                    /usr/lib/jvm/java-7-oracle/jre/lib/amd64/librxtxSerial.so
7fa812ac5000-7fa812bc4000 ---p 0000c000 08:01 6422637                    /usr/lib/jvm/java-7-oracle/jre/lib/amd64/librxtxSerial.so
7fa812bc4000-7fa812bc6000 rw-p 0000b000 08:01 6422637                    /usr/lib/jvm/java-7-oracle/jre/lib/amd64/librxtxSerial.so
7fa812bc6000-7fa812bc9000 ---p 00000000 00:00 0 
7fa812bc9000-7fa812cc7000 rw-p 00000000 00:00 0 
7fa812cc7000-7fa812d30000 r-xp 00000000 08:01 6431249                    /usr/lib/jvm/java-7-oracle/jre/lib/amd64/libt2k.so
7fa812d30000-7fa812f2f000 ---p 00069000 08:01 6431249                    /usr/lib/jvm/java-7-oracle/jre/lib/amd64/libt2k.so
7fa812f2f000-7fa812f36000 rw-p 00068000 08:01 6431249                    /usr/lib/jvm/java-7-oracle/jre/lib/amd64/libt2k.so
7fa812f36000-7fa812f46000 rw-p 00000000 00:00 0 
7fa812f46000-7fa812f56000 r-xp 00000000 08:01 6431193                    /usr/lib/jvm/java-7-oracle/jre/lib/amd64/libnio.so
7fa812f56000-7fa813156000 ---p 00010000 08:01 6431193                    /usr/lib/jvm/java-7-oracle/jre/lib/amd64/libnio.so
7fa813156000-7fa813157000 rw-p 00010000 08:01 6431193                    /usr/lib/jvm/java-7-oracle/jre/lib/amd64/libnio.so
7fa813157000-7fa81316d000 r-xp 00000000 08:01 13108303                   /lib/x86_64-linux-gnu/libgcc_s.so.1
7fa81316d000-7fa81336c000 ---p 00016000 08:01 13108303                   /lib/x86_64-linux-gnu/libgcc_s.so.1
7fa81336c000-7fa81336d000 rw-p 00015000 08:01 13108303                   /lib/x86_64-linux-gnu/libgcc_s.so.1
7fa81336d000-7fa8133d2000 r-xp 00000000 08:01 6431190                    /usr/lib/jvm/java-7-oracle/jre/lib/amd64/libfontmanager.so
7fa8133d2000-7fa8135d1000 ---p 00065000 08:01 6431190                    /usr/lib/jvm/java-7-oracle/jre/lib/amd64/libfontmanager.so
7fa8135d1000-7fa8135d6000 rw-p 00064000 08:01 6431190                    /usr/lib/jvm/java-7-oracle/jre/lib/amd64/libfontmanager.so
7fa8135d6000-7fa8135e6000 rw-p 00000000 00:00 0 
7fa8135e6000-7fa8135e9000 ---p 00000000 00:00 0 
7fa8135e9000-7fa8136e7000 rw-p 00000000 00:00 0 
7fa8136e7000-7fa8136ea000 ---p 00000000 00:00 0 
7fa8136ea000-7fa8137e8000 rw-p 00000000 00:00 0 
7fa8137e8000-7fa8137eb000 ---p 00000000 00:00 0 
7fa8137eb000-7fa8138e9000 rw-p 00000000 00:00 0 
7fa8138e9000-7fa8138ee000 r-xp 00000000 08:01 4464690                    /usr/lib/x86_64-linux-gnu/libXfixes.so.3.1.0
7fa8138ee000-7fa813aed000 ---p 00005000 08:01 4464690                    /usr/lib/x86_64-linux-gnu/libXfixes.so.3.1.0
7fa813aed000-7fa813aee000 r--p 00004000 08:01 4464690                    /usr/lib/x86_64-linux-gnu/libXfixes.so.3.1.0
7fa813aee000-7fa813aef000 rw-p 00005000 08:01 4464690                    /usr/lib/x86_64-linux-gnu/libXfixes.so.3.1.0
7fa813aef000-7fa813af8000 r-xp 00000000 08:01 4464682                    /usr/lib/x86_64-linux-gnu/libXcursor.so.1.0.2
7fa813af8000-7fa813cf7000 ---p 00009000 08:01 4464682                    /usr/lib/x86_64-linux-gnu/libXcursor.so.1.0.2
7fa813cf7000-7fa813cf8000 r--p 00008000 08:01 4464682                    /usr/lib/x86_64-linux-gnu/libXcursor.so.1.0.2
7fa813cf8000-7fa813cf9000 rw-p 00009000 08:01 4464682                    /usr/lib/x86_64-linux-gnu/libXcursor.so.1.0.2
7fa813cf9000-7fa813cfc000 ---p 00000000 00:00 0 
7fa813cfc000-7fa813dfa000 rw-p 00000000 00:00 0 
7fa813dfa000-7fa813dff000 r-xp 00000000 08:01 4456884                    /usr/lib/x86_64-linux-gnu/libXdmcp.so.6.0.0
7fa813dff000-7fa813ffe000 ---p 00005000 08:01 4456884                    /usr/lib/x86_64-linux-gnu/libXdmcp.so.6.0.0
7fa813ffe000-7fa813fff000 r--p 00004000 08:01 4456884                    /usr/lib/x86_64-linux-gnu/libXdmcp.so.6.0.0
7fa813fff000-7fa814000000 rw-p 00005000 08:01 4456884                    /usr/lib/x86_64-linux-gnu/libXdmcp.so.6.0.0
7fa814000000-7fa814021000 rw-p 00000000 00:00 0 
7fa814021000-7fa818000000 ---p 00000000 00:00 0 
7fa818097000-7fa818099000 r-xp 00000000 08:01 4464675                    /usr/lib/x86_64-linux-gnu/libXau.so.6.0.0
7fa818099000-7fa818299000 ---p 00002000 08:01 4464675                    /usr/lib/x86_64-linux-gnu/libXau.so.6.0.0
7fa818299000-7fa81829a000 r--p 00002000 08:01 4464675                    /usr/lib/x86_64-linux-gnu/libXau.so.6.0.0
7fa81829a000-7fa81829b000 rw-p 00003000 08:01 4464675                    /usr/lib/x86_64-linux-gnu/libXau.so.6.0.0
7fa81829b000-7fa8182bc000 r-xp 00000000 08:01 4456623                    /usr/lib/x86_64-linux-gnu/libxcb.so.1.1.0
7fa8182bc000-7fa8184bb000 ---p 00021000 08:01 4456623                    /usr/lib/x86_64-linux-gnu/libxcb.so.1.1.0
7fa8184bb000-7fa8184bc000 r--p 00020000 08:01 4456623                    /usr/lib/x86_64-linux-gnu/libxcb.so.1.1.0
7fa8184bc000-7fa8184bd000 rw-p 00021000 08:01 4456623                    /usr/lib/x86_64-linux-gnu/libxcb.so.1.1.0
7fa8184bd000-7fa8184cc000 r-xp 00000000 08:01 4458892                    /usr/lib/x86_64-linux-gnu/libXi.so.6.1.0
7fa8184cc000-7fa8186cb000 ---p 0000f000 08:01 4458892                    /usr/lib/x86_64-linux-gnu/libXi.so.6.1.0
7fa8186cb000-7fa8186cc000 r--p 0000e000 08:01 4458892                    /usr/lib/x86_64-linux-gnu/libXi.so.6.1.0
7fa8186cc000-7fa8186cd000 rw-p 0000f000 08:01 4458892                    /usr/lib/x86_64-linux-gnu/libXi.so.6.1.0
7fa8186cd000-7fa8186d2000 r-xp 00000000 08:01 4464716                    /usr/lib/x86_64-linux-gnu/libXtst.so.6.1.0
7fa8186d2000-7fa8188d1000 ---p 00005000 08:01 4464716                    /usr/lib/x86_64-linux-gnu/libXtst.so.6.1.0
7fa8188d1000-7fa8188d2000 r--p 00004000 08:01 4464716                    /usr/lib/x86_64-linux-gnu/libXtst.so.6.1.0
7fa8188d2000-7fa8188d3000 rw-p 00005000 08:01 4464716                    /usr/lib/x86_64-linux-gnu/libXtst.so.6.1.0
7fa8188d3000-7fa8188dc000 r-xp 00000000 08:01 4461767                    /usr/lib/x86_64-linux-gnu/libXrender.so.1.3.0
7fa8188dc000-7fa818adb000 ---p 00009000 08:01 4461767                    /usr/lib/x86_64-linux-gnu/libXrender.so.1.3.0
7fa818adb000-7fa818adc000 r--p 00008000 08:01 4461767                    /usr/lib/x86_64-linux-gnu/libXrender.so.1.3.0
7fa818adc000-7fa818add000 rw-p 00009000 08:01 4461767                    /usr/lib/x86_64-linux-gnu/libXrender.so.1.3.0
7fa818add000-7fa818c12000 r-xp 00000000 08:01 4461757                    /usr/lib/x86_64-linux-gnu/libX11.so.6.3.0
7fa818c12000-7fa818e12000 ---p 00135000 08:01 4461757                    /usr/lib/x86_64-linux-gnu/libX11.so.6.3.0
7fa818e12000-7fa818e13000 r--p 00135000 08:01 4461757                    /usr/lib/x86_64-linux-gnu/libX11.so.6.3.0
7fa818e13000-7fa818e17000 rw-p 00136000 08:01 4461757                    /usr/lib/x86_64-linux-gnu/libX11.so.6.3.0
7fa818e17000-7fa818e28000 r-xp 00000000 08:01 4464688                    /usr/lib/x86_64-linux-gnu/libXext.so.6.4.0
7fa818e28000-7fa819027000 ---p 00011000 08:01 4464688                    /usr/lib/x86_64-linux-gnu/libXext.so.6.4.0
7fa819027000-7fa819028000 r--p 00010000 08:01 4464688                    /usr/lib/x86_64-linux-gnu/libXext.so.6.4.0
7fa819028000-7fa819029000 rw-p 00011000 08:01 4464688                    /usr/lib/x86_64-linux-gnu/libXext.so.6.4.0
7fa819051000-7fa8190a1000 r-xp 00000000 08:01 6431210                    /usr/lib/jvm/java-7-oracle/jre/lib/amd64/xawt/libmawt.so
7fa8190a1000-7fa8192a1000 ---p 00050000 08:01 6431210                    /usr/lib/jvm/java-7-oracle/jre/lib/amd64/xawt/libmawt.so
7fa8192a1000-7fa8192a5000 rw-p 00050000 08:01 6431210                    /usr/lib/jvm/java-7-oracle/jre/lib/amd64/xawt/libmawt.so
7fa8192a5000-7fa8192a6000 rw-p 00000000 00:00 0 
7fa8192a6000-7fa819348000 r-xp 00000000 08:01 6431236                    /usr/lib/jvm/java-7-oracle/jre/lib/amd64/libawt.so
7fa819348000-7fa819548000 ---p 000a2000 08:01 6431236                    /usr/lib/jvm/java-7-oracle/jre/lib/amd64/libawt.so
7fa819548000-7fa819554000 rw-p 000a2000 08:01 6431236                    /usr/lib/jvm/java-7-oracle/jre/lib/amd64/libawt.so
7fa819554000-7fa819879000 rw-p 00000000 00:00 0 
7fa819879000-7fa819890000 r-xp 00000000 08:01 6431237                    /usr/lib/jvm/java-7-oracle/jre/lib/amd64/libnet.so
7fa819890000-7fa819a8f000 ---p 00017000 08:01 6431237                    /usr/lib/jvm/java-7-oracle/jre/lib/amd64/libnet.so
7fa819a8f000-7fa819a90000 rw-p 00016000 08:01 6431237                    /usr/lib/jvm/java-7-oracle/jre/lib/amd64/libnet.so
7fa819a90000-7fa819a93000 ---p 00000000 00:00 0 
7fa819a93000-7fa819b91000 rw-p 00000000 00:00 0 
7fa819b91000-7fa819b92000 r-xp 00000000 08:11 88930                      /mnt/0e30dc8f-20c2-4c0a-8baa-b104d38db77e/Programmer/idea-IU-143.1821.5/bin/libbreakgen64.so
7fa819b92000-7fa819d91000 ---p 00001000 08:11 88930                      /mnt/0e30dc8f-20c2-4c0a-8baa-b104d38db77e/Programmer/idea-IU-143.1821.5/bin/libbreakgen64.so
7fa819d91000-7fa819d92000 r--p 00000000 08:11 88930                      /mnt/0e30dc8f-20c2-4c0a-8baa-b104d38db77e/Programmer/idea-IU-143.1821.5/bin/libbreakgen64.so
7fa819d92000-7fa819d93000 rw-p 00001000 08:11 88930                      /mnt/0e30dc8f-20c2-4c0a-8baa-b104d38db77e/Programmer/idea-IU-143.1821.5/bin/libbreakgen64.so
7fa819d93000-7fa819dbd000 r--s 001e9000 08:01 7087839                    /home/silverbaq/GitRepos/Pervasive-MA2/untitled/guava-15.0-rc1.jar
7fa819dbd000-7fa819e4c000 r--s 00de4000 08:01 6432238                    /usr/lib/jvm/java-7-oracle/jre/lib/jfxrt.jar
7fa819e4c000-7fa819e65000 r--s 001e7000 08:01 6432243                    /usr/lib/jvm/java-7-oracle/jre/lib/deploy.jar
7fa819e65000-7fa819e66000 ---p 00000000 00:00 0 
7fa819e66000-7fa819f66000 rw-p 00000000 00:00 0 
7fa819f66000-7fa819f69000 ---p 00000000 00:00 0 
7fa819f69000-7fa81a067000 rw-p 00000000 00:00 0 
7fa81a067000-7fa81a06a000 ---p 00000000 00:00 0 
7fa81a06a000-7fa81a168000 rw-p 00000000 00:00 0 
7fa81a168000-7fa81a16b000 ---p 00000000 00:00 0 
7fa81a16b000-7fa81a269000 rw-p 00000000 00:00 0 
7fa81a269000-7fa81a26c000 ---p 00000000 00:00 0 
7fa81a26c000-7fa81a36a000 rw-p 00000000 00:00 0 
7fa81a36a000-7fa81a642000 r--p 00000000 08:01 4460634                    /usr/lib/locale/locale-archive
7fa81a642000-7fa81a645000 ---p 00000000 00:00 0 
7fa81a645000-7fa81a743000 rw-p 00000000 00:00 0 
7fa81a743000-7fa81a746000 ---p 00000000 00:00 0 
7fa81a746000-7fa81a844000 rw-p 00000000 00:00 0 
7fa81a844000-7fa81a845000 ---p 00000000 00:00 0 
7fa81a845000-7fa81c000000 rw-p 00000000 00:00 0 
7fa81c000000-7fa81c021000 rw-p 00000000 00:00 0 
7fa81c021000-7fa820000000 ---p 00000000 00:00 0 
7fa82000e000-7fa820010000 r--s 0001e000 08:11 47617                      /mnt/0e30dc8f-20c2-4c0a-8baa-b104d38db77e/Programmer/idea-IU-143.1821.5/lib/idea_rt.jar
7fa820010000-7fa820012000 r--s 0000d000 08:01 13902403                   /home/silverbaq/GitRepos/Pervasive-MA2/untitled/rxtx-2.1.7.jar
7fa820012000-7fa8205c5000 rw-p 00000000 00:00 0 
7fa8205c5000-7fa820785000 r--s 039fb000 08:01 6432252                    /usr/lib/jvm/java-7-oracle/jre/lib/rt.jar
7fa820785000-7fa820bfc000 rw-p 00000000 00:00 0 
7fa820bfc000-7fa820bfd000 ---p 00000000 00:00 0 
7fa820bfd000-7fa820cfd000 rw-p 00000000 00:00 0 
7fa820cfd000-7fa820cfe000 ---p 00000000 00:00 0 
7fa820cfe000-7fa820dfe000 rw-p 00000000 00:00 0 
7fa820dfe000-7fa820dff000 ---p 00000000 00:00 0 
7fa820dff000-7fa820eff000 rw-p 00000000 00:00 0 
7fa820eff000-7fa820f00000 ---p 00000000 00:00 0 
7fa820f00000-7fa821000000 rw-p 00000000 00:00 0 
7fa821000000-7fa821270000 rwxp 00000000 00:00 0 
7fa821270000-7fa82423a000 rw-p 00000000 00:00 0 
7fa82423a000-7fa828000000 ---p 00000000 00:00 0 
7fa828001000-7fa828014000 r--s 000d6000 08:01 6431176                    /usr/lib/jvm/java-7-oracle/jre/lib/plugin.jar
7fa828014000-7fa8280e1000 rw-p 00000000 00:00 0 
7fa8280e1000-7fa8280e2000 ---p 00000000 00:00 0 
7fa8280e2000-7fa8281e2000 rw-p 00000000 00:00 0 
7fa8281e2000-7fa8281e3000 ---p 00000000 00:00 0 
7fa8281e3000-7fa8282e3000 rw-p 00000000 00:00 0 
7fa8282e3000-7fa8282e4000 ---p 00000000 00:00 0 
7fa8282e4000-7fa8283e4000 rw-p 00000000 00:00 0 
7fa8283e4000-7fa8283e5000 ---p 00000000 00:00 0 
7fa8283e5000-7fa8284f0000 rw-p 00000000 00:00 0 
7fa8284f0000-7fa82850e000 rw-p 00000000 00:00 0 
7fa82850e000-7fa828537000 rw-p 00000000 00:00 0 
7fa828537000-7fa82879e000 rw-p 00000000 00:00 0 
7fa82879e000-7fa8287a9000 rw-p 00000000 00:00 0 
7fa8287a9000-7fa8287c7000 rw-p 00000000 00:00 0 
7fa8287c7000-7fa8287f0000 rw-p 00000000 00:00 0 
7fa8287f0000-7fa828a57000 rw-p 00000000 00:00 0 
7fa828a57000-7fa828a6c000 rw-p 00000000 00:00 0 
7fa828a6c000-7fa828b9f000 rw-p 00000000 00:00 0 
7fa828b9f000-7fa828ba0000 rw-p 00000000 00:00 0 
7fa828ba0000-7fa828bb7000 r-xp 00000000 08:01 6431231                    /usr/lib/jvm/java-7-oracle/jre/lib/amd64/libzip.so
7fa828bb7000-7fa828db7000 ---p 00017000 08:01 6431231                    /usr/lib/jvm/java-7-oracle/jre/lib/amd64/libzip.so
7fa828db7000-7fa828db8000 rw-p 00017000 08:01 6431231                    /usr/lib/jvm/java-7-oracle/jre/lib/amd64/libzip.so
7fa828db8000-7fa828dc3000 r-xp 00000000 08:01 13114229                   /lib/x86_64-linux-gnu/libnss_files-2.23.so
7fa828dc3000-7fa828fc2000 ---p 0000b000 08:01 13114229                   /lib/x86_64-linux-gnu/libnss_files-2.23.so
7fa828fc2000-7fa828fc3000 r--p 0000a000 08:01 13114229                   /lib/x86_64-linux-gnu/libnss_files-2.23.so
7fa828fc3000-7fa828fc4000 rw-p 0000b000 08:01 13114229                   /lib/x86_64-linux-gnu/libnss_files-2.23.so
7fa828fc4000-7fa828fca000 rw-p 00000000 00:00 0 
7fa828fca000-7fa828fd5000 r-xp 00000000 08:01 13114226                   /lib/x86_64-linux-gnu/libnss_nis-2.23.so
7fa828fd5000-7fa8291d4000 ---p 0000b000 08:01 13114226                   /lib/x86_64-linux-gnu/libnss_nis-2.23.so
7fa8291d4000-7fa8291d5000 r--p 0000a000 08:01 13114226                   /lib/x86_64-linux-gnu/libnss_nis-2.23.so
7fa8291d5000-7fa8291d6000 rw-p 0000b000 08:01 13114226                   /lib/x86_64-linux-gnu/libnss_nis-2.23.so
7fa8291d6000-7fa8291ec000 r-xp 00000000 08:01 13114208                   /lib/x86_64-linux-gnu/libnsl-2.23.so
7fa8291ec000-7fa8293eb000 ---p 00016000 08:01 13114208                   /lib/x86_64-linux-gnu/libnsl-2.23.so
7fa8293eb000-7fa8293ec000 r--p 00015000 08:01 13114208                   /lib/x86_64-linux-gnu/libnsl-2.23.so
7fa8293ec000-7fa8293ed000 rw-p 00016000 08:01 13114208                   /lib/x86_64-linux-gnu/libnsl-2.23.so
7fa8293ed000-7fa8293ef000 rw-p 00000000 00:00 0 
7fa8293ef000-7fa8293f7000 r-xp 00000000 08:01 13114204                   /lib/x86_64-linux-gnu/libnss_compat-2.23.so
7fa8293f7000-7fa8295f6000 ---p 00008000 08:01 13114204                   /lib/x86_64-linux-gnu/libnss_compat-2.23.so
7fa8295f6000-7fa8295f7000 r--p 00007000 08:01 13114204                   /lib/x86_64-linux-gnu/libnss_compat-2.23.so
7fa8295f7000-7fa8295f8000 rw-p 00008000 08:01 13114204                   /lib/x86_64-linux-gnu/libnss_compat-2.23.so
7fa8295f8000-7fa829621000 r-xp 00000000 08:01 6431186                    /usr/lib/jvm/java-7-oracle/jre/lib/amd64/libjava.so
7fa829621000-7fa829821000 ---p 00029000 08:01 6431186                    /usr/lib/jvm/java-7-oracle/jre/lib/amd64/libjava.so
7fa829821000-7fa829823000 rw-p 00029000 08:01 6431186                    /usr/lib/jvm/java-7-oracle/jre/lib/amd64/libjava.so
7fa829823000-7fa829830000 r-xp 00000000 08:01 6431222                    /usr/lib/jvm/java-7-oracle/jre/lib/amd64/libverify.so
7fa829830000-7fa829a2f000 ---p 0000d000 08:01 6431222                    /usr/lib/jvm/java-7-oracle/jre/lib/amd64/libverify.so
7fa829a2f000-7fa829a31000 rw-p 0000c000 08:01 6431222                    /usr/lib/jvm/java-7-oracle/jre/lib/amd64/libverify.so
7fa829a31000-7fa829a38000 r-xp 00000000 08:01 13114238                   /lib/x86_64-linux-gnu/librt-2.23.so
7fa829a38000-7fa829c37000 ---p 00007000 08:01 13114238                   /lib/x86_64-linux-gnu/librt-2.23.so
7fa829c37000-7fa829c38000 r--p 00006000 08:01 13114238                   /lib/x86_64-linux-gnu/librt-2.23.so
7fa829c38000-7fa829c39000 rw-p 00007000 08:01 13114238                   /lib/x86_64-linux-gnu/librt-2.23.so
7fa829c39000-7fa829d41000 r-xp 00000000 08:01 13114235                   /lib/x86_64-linux-gnu/libm-2.23.so
7fa829d41000-7fa829f40000 ---p 00108000 08:01 13114235                   /lib/x86_64-linux-gnu/libm-2.23.so
7fa829f40000-7fa829f41000 r--p 00107000 08:01 13114235                   /lib/x86_64-linux-gnu/libm-2.23.so
7fa829f41000-7fa829f42000 rw-p 00108000 08:01 13114235                   /lib/x86_64-linux-gnu/libm-2.23.so
7fa829f42000-7fa82aab8000 r-xp 00000000 08:01 6431258                    /usr/lib/jvm/java-7-oracle/jre/lib/amd64/server/libjvm.so
7fa82aab8000-7fa82acb7000 ---p 00b76000 08:01 6431258                    /usr/lib/jvm/java-7-oracle/jre/lib/amd64/server/libjvm.so
7fa82acb7000-7fa82ad7b000 rw-p 00b75000 08:01 6431258                    /usr/lib/jvm/java-7-oracle/jre/lib/amd64/server/libjvm.so
7fa82ad7b000-7fa82adbc000 rw-p 00000000 00:00 0 
7fa82adbc000-7fa82af7c000 r-xp 00000000 08:01 13114243                   /lib/x86_64-linux-gnu/libc-2.23.so
7fa82af7c000-7fa82b17b000 ---p 001c0000 08:01 13114243                   /lib/x86_64-linux-gnu/libc-2.23.so
7fa82b17b000-7fa82b17f000 r--p 001bf000 08:01 13114243                   /lib/x86_64-linux-gnu/libc-2.23.so
7fa82b17f000-7fa82b181000 rw-p 001c3000 08:01 13114243                   /lib/x86_64-linux-gnu/libc-2.23.so
7fa82b181000-7fa82b185000 rw-p 00000000 00:00 0 
7fa82b185000-7fa82b188000 r-xp 00000000 08:01 13114244                   /lib/x86_64-linux-gnu/libdl-2.23.so
7fa82b188000-7fa82b387000 ---p 00003000 08:01 13114244                   /lib/x86_64-linux-gnu/libdl-2.23.so
7fa82b387000-7fa82b388000 r--p 00002000 08:01 13114244                   /lib/x86_64-linux-gnu/libdl-2.23.so
7fa82b388000-7fa82b389000 rw-p 00003000 08:01 13114244                   /lib/x86_64-linux-gnu/libdl-2.23.so
7fa82b389000-7fa82b39e000 r-xp 00000000 08:01 6556106                    /usr/lib/jvm/java-7-oracle/lib/amd64/jli/libjli.so
7fa82b39e000-7fa82b59d000 ---p 00015000 08:01 6556106                    /usr/lib/jvm/java-7-oracle/lib/amd64/jli/libjli.so
7fa82b59d000-7fa82b59e000 rw-p 00014000 08:01 6556106                    /usr/lib/jvm/java-7-oracle/lib/amd64/jli/libjli.so
7fa82b59e000-7fa82b5b6000 r-xp 00000000 08:01 13114242                   /lib/x86_64-linux-gnu/libpthread-2.23.so
7fa82b5b6000-7fa82b7b5000 ---p 00018000 08:01 13114242                   /lib/x86_64-linux-gnu/libpthread-2.23.so
7fa82b7b5000-7fa82b7b6000 r--p 00017000 08:01 13114242                   /lib/x86_64-linux-gnu/libpthread-2.23.so
7fa82b7b6000-7fa82b7b7000 rw-p 00018000 08:01 13114242                   /lib/x86_64-linux-gnu/libpthread-2.23.so
7fa82b7b7000-7fa82b7bb000 rw-p 00000000 00:00 0 
7fa82b7bb000-7fa82b7e1000 r-xp 00000000 08:01 13114239                   /lib/x86_64-linux-gnu/ld-2.23.so
7fa82b7e2000-7fa82b7ec000 r--s 00253000 08:01 6431293                    /usr/lib/jvm/java-7-oracle/jre/lib/resources.jar
7fa82b7ec000-7fa82b7ed000 r--s 00000000 08:01 6432251                    /usr/lib/jvm/java-7-oracle/jre/lib/management-agent.jar
7fa82b7ed000-7fa82b7f1000 r--s 0008b000 08:01 6432247                    /usr/lib/jvm/java-7-oracle/jre/lib/jsse.jar
7fa82b7f1000-7fa82b7fb000 rw-p 00000000 00:00 0 
7fa82b7fb000-7fa82b8b1000 rw-p 00000000 00:00 0 
7fa82b8b1000-7fa82b8b4000 ---p 00000000 00:00 0 
7fa82b8b4000-7fa82b9b6000 rw-p 00000000 00:00 0 
7fa82b9b6000-7fa82b9bb000 r--s 0007e000 08:01 6432249                    /usr/lib/jvm/java-7-oracle/jre/lib/jfr.jar
7fa82b9bb000-7fa82b9be000 r--s 00019000 08:01 6432240                    /usr/lib/jvm/java-7-oracle/jre/lib/jce.jar
7fa82b9be000-7fa82b9c7000 r--s 00068000 08:01 6432254                    /usr/lib/jvm/java-7-oracle/jre/lib/javaws.jar
7fa82b9c7000-7fa82b9d2000 r--s 0037c000 08:01 6432253                    /usr/lib/jvm/java-7-oracle/jre/lib/charsets.jar
7fa82b9d2000-7fa82b9d4000 r--s 0000d000 08:01 6422571                    /usr/lib/jvm/java-7-oracle/jre/lib/ext/RXTXcomm.jar
7fa82b9d4000-7fa82b9dc000 rw-s 00000000 08:01 3806255                    /tmp/hsperfdata_silverbaq/16012
7fa82b9dc000-7fa82b9dd000 rw-p 00000000 00:00 0 
7fa82b9dd000-7fa82b9de000 r--p 00000000 00:00 0 
7fa82b9de000-7fa82b9e0000 rw-p 00000000 00:00 0 
7fa82b9e0000-7fa82b9e1000 r--p 00025000 08:01 13114239                   /lib/x86_64-linux-gnu/ld-2.23.so
7fa82b9e1000-7fa82b9e2000 rw-p 00026000 08:01 13114239                   /lib/x86_64-linux-gnu/ld-2.23.so
7fa82b9e2000-7fa82b9e3000 rw-p 00000000 00:00 0 
7ffcdeab8000-7ffcdead9000 rw-p 00000000 00:00 0                          [stack]
7ffcdeba9000-7ffcdebab000 r--p 00000000 00:00 0                          [vvar]
7ffcdebab000-7ffcdebad000 r-xp 00000000 00:00 0                          [vdso]
ffffffffff600000-ffffffffff601000 r-xp 00000000 00:00 0                  [vsyscall]

VM Arguments:
jvm_args: -Didea.launcher.port=7548 -Didea.launcher.bin.path=/mnt/0e30dc8f-20c2-4c0a-8baa-b104d38db77e/Programmer/idea-IU-143.1821.5/bin -Dfile.encoding=UTF-8 
java_command: com.intellij.rt.execution.application.AppMain SerialTest
Launcher Type: SUN_STANDARD

Environment Variables:
JAVA_HOME=/usr/lib/jvm/java-7-oracle
PATH=/usr/local/sbin:/usr/local/bin:/usr/sbin:/usr/bin:/sbin:/bin:/usr/games:/usr/local/games:/snap/bin:/usr/lib/jvm/java-7-oracle/bin:/usr/lib/jvm/java-7-oracle/db/bin:/usr/lib/jvm/java-7-oracle/jre/bin:/home/silverbaq/algs4/bin
LD_LIBRARY_PATH=/mnt/0e30dc8f-20c2-4c0a-8baa-b104d38db77e/Programmer/idea-IU-143.1821.5/bin:
SHELL=/bin/bash
DISPLAY=:0

Signal Handlers:
SIGSEGV: [libjvm.so+0x9a3b20], sa_mask[0]=0x7ffbfeff, sa_flags=0x10000004
SIGBUS: [libjvm.so+0x9a3b20], sa_mask[0]=0x7ffbfeff, sa_flags=0x10000004
SIGFPE: [libjvm.so+0x81e740], sa_mask[0]=0x7ffbfeff, sa_flags=0x10000004
SIGPIPE: [libjvm.so+0x81e740], sa_mask[0]=0x7ffbfeff, sa_flags=0x10000004
SIGXFSZ: [libjvm.so+0x81e740], sa_mask[0]=0x7ffbfeff, sa_flags=0x10000004
SIGILL: [libjvm.so+0x81e740], sa_mask[0]=0x7ffbfeff, sa_flags=0x10000004
SIGUSR1: SIG_DFL, sa_mask[0]=0x00000000, sa_flags=0x00000000
SIGUSR2: [libjvm.so+0x81ffb0], sa_mask[0]=0x00000004, sa_flags=0x10000004
SIGHUP: [libjvm.so+0x8210d0], sa_mask[0]=0x7ffbfeff, sa_flags=0x10000004
SIGINT: [libjvm.so+0x8210d0], sa_mask[0]=0x7ffbfeff, sa_flags=0x10000004
SIGTERM: [libjvm.so+0x8210d0], sa_mask[0]=0x7ffbfeff, sa_flags=0x10000004
SIGQUIT: [libjvm.so+0x8210d0], sa_mask[0]=0x7ffbfeff, sa_flags=0x10000004


---------------  S Y S T E M  ---------------

OS:stretch/sid

uname:Linux 4.4.0-21-generic #37-Ubuntu SMP Mon Apr 18 18:33:37 UTC 2016 x86_64
libc:glibc 2.23 NPTL 2.23 
rlimit: STACK 8192k, CORE 0k, NPROC 31327, NOFILE 65536, AS infinity
load average:0.27 0.32 0.40

/proc/meminfo:
MemTotal:        8058200 kB
MemFree:           85888 kB
MemAvailable:    2497228 kB
Buffers:          233332 kB
Cached:          2244080 kB
SwapCached:          128 kB
Active:          5667944 kB
Inactive:        1890316 kB
Active(anon):    4318332 kB
Inactive(anon):   910128 kB
Active(file):    1349612 kB
Inactive(file):   980188 kB
Unevictable:         708 kB
Mlocked:             708 kB
SwapTotal:       8270844 kB
SwapFree:        8268548 kB
Dirty:               500 kB
Writeback:             0 kB
AnonPages:       5081492 kB
Mapped:           746484 kB
Shmem:            147620 kB
Slab:             184876 kB
SReclaimable:     123816 kB
SUnreclaim:        61060 kB
KernelStack:       18640 kB
PageTables:        72416 kB
NFS_Unstable:          0 kB
Bounce:                0 kB
WritebackTmp:          0 kB
CommitLimit:    12299944 kB
Committed_AS:   13413668 kB
VmallocTotal:   34359738367 kB
VmallocUsed:           0 kB
VmallocChunk:          0 kB
HardwareCorrupted:     0 kB
AnonHugePages:   2549760 kB
CmaTotal:              0 kB
CmaFree:               0 kB
HugePages_Total:       0
HugePages_Free:        0
HugePages_Rsvd:        0
HugePages_Surp:        0
Hugepagesize:       2048 kB
DirectMap4k:      293080 kB
DirectMap2M:     7979008 kB


CPU:total 8 (4 cores per cpu, 2 threads per core) family 6 model 58 stepping 9, cmov, cx8, fxsr, mmx, sse, sse2, sse3, ssse3, sse4.1, sse4.2, popcnt, avx, aes, erms, ht, tsc, tscinvbit, tscinv

/proc/cpuinfo:
processor	: 0
vendor_id	: GenuineIntel
cpu family	: 6
model		: 58
model name	: Intel(R) Core(TM) i7-3610QM CPU @ 2.30GHz
stepping	: 9
microcode	: 0x12
cpu MHz		: 1407.312
cache size	: 6144 KB
physical id	: 0
siblings	: 8
core id		: 0
cpu cores	: 4
apicid		: 0
initial apicid	: 0
fpu		: yes
fpu_exception	: yes
cpuid level	: 13
wp		: yes
flags		: fpu vme de pse tsc msr pae mce cx8 apic sep mtrr pge mca cmov pat pse36 clflush dts acpi mmx fxsr sse sse2 ss ht tm pbe syscall nx rdtscp lm constant_tsc arch_perfmon pebs bts rep_good nopl xtopology nonstop_tsc aperfmperf eagerfpu pni pclmulqdq dtes64 monitor ds_cpl vmx est tm2 ssse3 cx16 xtpr pdcm pcid sse4_1 sse4_2 x2apic popcnt tsc_deadline_timer aes xsave avx f16c rdrand lahf_lm epb tpr_shadow vnmi flexpriority ept vpid fsgsbase smep erms xsaveopt dtherm ida arat pln pts
bugs		:
bogomips	: 4589.48
clflush size	: 64
cache_alignment	: 64
address sizes	: 36 bits physical, 48 bits virtual
power management:

processor	: 1
vendor_id	: GenuineIntel
cpu family	: 6
model		: 58
model name	: Intel(R) Core(TM) i7-3610QM CPU @ 2.30GHz
stepping	: 9
microcode	: 0x12
cpu MHz		: 1491.496
cache size	: 6144 KB
physical id	: 0
siblings	: 8
core id		: 1
cpu cores	: 4
apicid		: 2
initial apicid	: 2
fpu		: yes
fpu_exception	: yes
cpuid level	: 13
wp		: yes
flags		: fpu vme de pse tsc msr pae mce cx8 apic sep mtrr pge mca cmov pat pse36 clflush dts acpi mmx fxsr sse sse2 ss ht tm pbe syscall nx rdtscp lm constant_tsc arch_perfmon pebs bts rep_good nopl xtopology nonstop_tsc aperfmperf eagerfpu pni pclmulqdq dtes64 monitor ds_cpl vmx est tm2 ssse3 cx16 xtpr pdcm pcid sse4_1 sse4_2 x2apic popcnt tsc_deadline_timer aes xsave avx f16c rdrand lahf_lm epb tpr_shadow vnmi flexpriority ept vpid fsgsbase smep erms xsaveopt dtherm ida arat pln pts
bugs		:
bogomips	: 4589.48
clflush size	: 64
cache_alignment	: 64
address sizes	: 36 bits physical, 48 bits virtual
power management:

processor	: 2
vendor_id	: GenuineIntel
cpu family	: 6
model		: 58
model name	: Intel(R) Core(TM) i7-3610QM CPU @ 2.30GHz
stepping	: 9
microcode	: 0x12
cpu MHz		: 1353.316
cache size	: 6144 KB
physical id	: 0
siblings	: 8
core id		: 2
cpu cores	: 4
apicid		: 4
initial apicid	: 4
fpu		: yes
fpu_exception	: yes
cpuid level	: 13
wp		: yes
flags		: fpu vme de pse tsc msr pae mce cx8 apic sep mtrr pge mca cmov pat pse36 clflush dts acpi mmx fxsr sse sse2 ss ht tm pbe syscall nx rdtscp lm constant_tsc arch_perfmon pebs bts rep_good nopl xtopology nonstop_tsc aperfmperf eagerfpu pni pclmulqdq dtes64 monitor ds_cpl vmx est tm2 ssse3 cx16 xtpr pdcm pcid sse4_1 sse4_2 x2apic popcnt tsc_deadline_timer aes xsave avx f16c rdrand lahf_lm epb tpr_shadow vnmi flexpriority ept vpid fsgsbase smep erms xsaveopt dtherm ida arat pln pts
bugs		:
bogomips	: 4589.48
clflush size	: 64
cache_alignment	: 64
address sizes	: 36 bits physical, 48 bits virtual
power management:

processor	: 3
vendor_id	: GenuineIntel
cpu family	: 6
model		: 58
model name	: Intel(R) Core(TM) i7-3610QM CPU @ 2.30GHz
stepping	: 9
microcode	: 0x12
cpu MHz		: 1928.316
cache size	: 6144 KB
physical id	: 0
siblings	: 8
core id		: 3
cpu cores	: 4
apicid		: 6
initial apicid	: 6
fpu		: yes
fpu_exception	: yes
cpuid level	: 13
wp		: yes
flags		: fpu vme de pse tsc msr pae mce cx8 apic sep mtrr pge mca cmov pat pse36 clflush dts acpi mmx fxsr sse sse2 ss ht tm pbe syscall nx rdtscp lm constant_tsc arch_perfmon pebs bts rep_good nopl xtopology nonstop_tsc aperfmperf eagerfpu pni pclmulqdq dtes64 monitor ds_cpl vmx est tm2 ssse3 cx16 xtpr pdcm pcid sse4_1 sse4_2 x2apic popcnt tsc_deadline_timer aes xsave avx f16c rdrand lahf_lm epb tpr_shadow vnmi flexpriority ept vpid fsgsbase smep erms xsaveopt dtherm ida arat pln pts
bugs		:
bogomips	: 4589.48
clflush size	: 64
cache_alignment	: 64
address sizes	: 36 bits physical, 48 bits virtual
power management:

processor	: 4
vendor_id	: GenuineIntel
cpu family	: 6
model		: 58
model name	: Intel(R) Core(TM) i7-3610QM CPU @ 2.30GHz
stepping	: 9
microcode	: 0x12
cpu MHz		: 1529.589
cache size	: 6144 KB
physical id	: 0
siblings	: 8
core id		: 0
cpu cores	: 4
apicid		: 1
initial apicid	: 1
fpu		: yes
fpu_exception	: yes
cpuid level	: 13
wp		: yes
flags		: fpu vme de pse tsc msr pae mce cx8 apic sep mtrr pge mca cmov pat pse36 clflush dts acpi mmx fxsr sse sse2 ss ht tm pbe syscall nx rdtscp lm constant_tsc arch_perfmon pebs bts rep_good nopl xtopology nonstop_tsc aperfmperf eagerfpu pni pclmulqdq dtes64 monitor ds_cpl vmx est tm2 ssse3 cx16 xtpr pdcm pcid sse4_1 sse4_2 x2apic popcnt tsc_deadline_timer aes xsave avx f16c rdrand lahf_lm epb tpr_shadow vnmi flexpriority ept vpid fsgsbase smep erms xsaveopt dtherm ida arat pln pts
bugs		:
bogomips	: 4589.48
clflush size	: 64
cache_alignment	: 64
address sizes	: 36 bits physical, 48 bits virtual
power management:

processor	: 5
vendor_id	: GenuineIntel
cpu family	: 6
model		: 58
model name	: Intel(R) Core(TM) i7-3610QM CPU @ 2.30GHz
stepping	: 9
microcode	: 0x12
cpu MHz		: 2285.984
cache size	: 6144 KB
physical id	: 0
siblings	: 8
core id		: 1
cpu cores	: 4
apicid		: 3
initial apicid	: 3
fpu		: yes
fpu_exception	: yes
cpuid level	: 13
wp		: yes
flags		: fpu vme de pse tsc msr pae mce cx8 apic sep mtrr pge mca cmov pat pse36 clflush dts acpi mmx fxsr sse sse2 ss ht tm pbe syscall nx rdtscp lm constant_tsc arch_perfmon pebs bts rep_good nopl xtopology nonstop_tsc aperfmperf eagerfpu pni pclmulqdq dtes64 monitor ds_cpl vmx est tm2 ssse3 cx16 xtpr pdcm pcid sse4_1 sse4_2 x2apic popcnt tsc_deadline_timer aes xsave avx f16c rdrand lahf_lm epb tpr_shadow vnmi flexpriority ept vpid fsgsbase smep erms xsaveopt dtherm ida arat pln pts
bugs		:
bogomips	: 4589.48
clflush size	: 64
cache_alignment	: 64
address sizes	: 36 bits physical, 48 bits virtual
power management:

processor	: 6
vendor_id	: GenuineIntel
cpu family	: 6
model		: 58
model name	: Intel(R) Core(TM) i7-3610QM CPU @ 2.30GHz
stepping	: 9
microcode	: 0x12
cpu MHz		: 1468.226
cache size	: 6144 KB
physical id	: 0
siblings	: 8
core id		: 2
cpu cores	: 4
apicid		: 5
initial apicid	: 5
fpu		: yes
fpu_exception	: yes
cpuid level	: 13
wp		: yes
flags		: fpu vme de pse tsc msr pae mce cx8 apic sep mtrr pge mca cmov pat pse36 clflush dts acpi mmx fxsr sse sse2 ss ht tm pbe syscall nx rdtscp lm constant_tsc arch_perfmon pebs bts rep_good nopl xtopology nonstop_tsc aperfmperf eagerfpu pni pclmulqdq dtes64 monitor ds_cpl vmx est tm2 ssse3 cx16 xtpr pdcm pcid sse4_1 sse4_2 x2apic popcnt tsc_deadline_timer aes xsave avx f16c rdrand lahf_lm epb tpr_shadow vnmi flexpriority ept vpid fsgsbase smep erms xsaveopt dtherm ida arat pln pts
bugs		:
bogomips	: 4589.48
clflush size	: 64
cache_alignment	: 64
address sizes	: 36 bits physical, 48 bits virtual
power management:

processor	: 7
vendor_id	: GenuineIntel
cpu family	: 6
model		: 58
model name	: Intel(R) Core(TM) i7-3610QM CPU @ 2.30GHz
stepping	: 9
microcode	: 0x12
cpu MHz		: 1362.031
cache size	: 6144 KB
physical id	: 0
siblings	: 8
core id		: 3
cpu cores	: 4
apicid		: 7
initial apicid	: 7
fpu		: yes
fpu_exception	: yes
cpuid level	: 13
wp		: yes
flags		: fpu vme de pse tsc msr pae mce cx8 apic sep mtrr pge mca cmov pat pse36 clflush dts acpi mmx fxsr sse sse2 ss ht tm pbe syscall nx rdtscp lm constant_tsc arch_perfmon pebs bts rep_good nopl xtopology nonstop_tsc aperfmperf eagerfpu pni pclmulqdq dtes64 monitor ds_cpl vmx est tm2 ssse3 cx16 xtpr pdcm pcid sse4_1 sse4_2 x2apic popcnt tsc_deadline_timer aes xsave avx f16c rdrand lahf_lm epb tpr_shadow vnmi flexpriority ept vpid fsgsbase smep erms xsaveopt dtherm ida arat pln pts
bugs		:
bogomips	: 4589.48
clflush size	: 64
cache_alignment	: 64
address sizes	: 36 bits physical, 48 bits virtual
power management:



Memory: 4k page, physical 8058200k(85888k free), swap 8270844k(8268548k free)

vm_info: Java HotSpot(TM) 64-Bit Server VM (24.80-b11) for linux-amd64 JRE (1.7.0_80-b15), built on Apr 10 2015 19:53:14 by "java_re" with gcc 4.3.0 20080428 (Red Hat 4.3.0-8)

time: Thu Apr 28 17:11:05 2016
elapsed time: 1 seconds

