#
# A fatal error has been detected by the Java Runtime Environment:
#
#  SIGSEGV (0xb) at pc=0x00007f6e558d8462, pid=15797, tid=140111858439936
#
# JRE version: Java(TM) SE Runtime Environment (7.0_80-b15) (build 1.7.0_80-b15)
# Java VM: Java HotSpot(TM) 64-Bit Server VM (24.80-b11 mixed mode linux-amd64 compressed oops)
# Problematic frame:
# C  [librxtxSerial.so+0x6462]  read_byte_array+0x52
#
# Failed to write core dump. Core dumps have been disabled. To enable core dumping, try "ulimit -c unlimited" before starting Java again
#
# If you would like to submit a bug report, please visit:
#   http://bugreport.java.com/bugreport/crash.jsp
# The crash happened outside the Java Virtual Machine in native code.
# See problematic frame for where to report the bug.
#

---------------  T H R E A D  ---------------

Current thread (0x00007f6e08046800):  JavaThread "Thread-1" [_thread_in_native, id=15844, stack(0x00007f6e557d1000,0x00007f6e558d2000)]

siginfo:si_signo=SIGSEGV: si_errno=0, si_code=1 (SEGV_MAPERR), si_addr=0x00000000558d06b8

Registers:
RAX=0x00000000558d06b0, RBX=0xffffffffffffffff, RCX=0x0000000000000001, RDX=0x00007f6e71b4a7f0
RSP=0x00007f6e558cfa70, RBP=0x00007f6e080469e8, RSI=0x00007f6e558dbe30, RDI=0x00007f6e558dbd3e
R8 =0x00007f6e558cf9e0, R9 =0x00000007d75ad1c8, R10=0x0000000000000000, R11=0x00007f6e71b4ede8
R12=0x00000000ffffffff, R13=0x0000000000000000, R14=0x000000000000001c, R15=0x0000000000000000
RIP=0x00007f6e558d8462, EFLAGS=0x0000000000010202, CSGSFS=0x0000000000000033, ERR=0x0000000000000004
  TRAPNO=0x000000000000000e

Top of Stack: (sp=0x00007f6e558cfa70)
0x00007f6e558cfa70:   0000000000000000 0000000000000000
0x00007f6e558cfa80:   0000000000000000 0000000000000000
0x00007f6e558cfa90:   0000000000000000 00000000558d06b0
0x00007f6e558cfaa0:   0000000000000000 0000000000000000
0x00007f6e558cfab0:   0000000000000000 0000000100000000
0x00007f6e558cfac0:   00007f6e00000d80 0000001c00000000
0x00007f6e558cfad0:   0000000000000000 0000000000000000
0x00007f6e558cfae0:   0000000000000000 0000000000000000
0x00007f6e558cfaf0:   0000000000000000 0000000000000000
0x00007f6e558cfb00:   0000000000002000 0000000000000000
0x00007f6e558cfb10:   000000000000001c 0000000000000000
0x00007f6e558cfb20:   00007f6e558cfb50 00007f6e70fac38c
0x00007f6e558cfb30:   00007f6e558cfb60 0000000000002000
0x00007f6e558cfb40:   00007f6e00000d80 00007f6e00000d80
0x00007f6e558cfb50:   000000000000001c 00007f6e558cfbb0
0x00007f6e558cfb60:   00007f6e080469e8 ffffffffffffffff
0x00007f6e558cfb70:   00007f6e080469e8 00007f6e00000d80
0x00007f6e558cfb80:   0000000000000001 000000000000001c
0x00007f6e558cfb90:   0000000000000000 00007f6e558d88a1
0x00007f6e558cfba0:   00007f6e08046800 00007f6e558cfc80
0x00007f6e558cfbb0:   00007f6e558cfc88 00000007805c9a78
0x00007f6e558cfbc0:   00007f6e558cfc50 0000000000000000
0x00007f6e558cfbd0:   00000007805c9a70 00007f6e558cfc88
0x00007f6e558cfbe0:   00007f6e08046800 00007f6e687c3d98
0x00007f6e558cfbf0:   00007f6e2806eb78 00007f6e558cfc88
0x00007f6e558cfc00:   00007f6e08046800 0000000a000000b6
0x00007f6e558cfc10:   00007f6e558cfc10 00000007805c9a70
0x00007f6e558cfc20:   00007f6e558cfc88 00000007805dacc0
0x00007f6e558cfc30:   0000000000000000 00000007805c9a78
0x00007f6e558cfc40:   0000000000000000 00007f6e558cfc70
0x00007f6e558cfc50:   00007f6e558cfce0 00007f6e687b71d4
0x00007f6e558cfc60:   0000000000000000 00007f6e687bfcd6 

Instructions: (pc=0x00007f6e558d8462)
0x00007f6e558d8442:   89 44 24 4c 48 c7 44 24 40 00 00 00 00 48 c7 44
0x00007f6e558d8452:   24 38 00 00 00 00 e8 53 d7 ff ff 48 89 44 24 28
0x00007f6e558d8462:   8b 40 08 45 85 e4 48 8b 54 24 28 44 8b 7c 24 4c
0x00007f6e558d8472:   89 44 24 34 c7 42 08 00 00 00 00 78 0c 31 c0 e8 

Register to memory mapping:

RAX=0x00000000558d06b0 is an unknown value
RBX=0xffffffffffffffff is an unknown value
RCX=0x0000000000000001 is an unknown value
RDX=0x00007f6e71b4a7f0: <offset 0xe4b7f0> in /usr/lib/jvm/java-7-oracle/jre/lib/amd64/server/libjvm.so at 0x00007f6e70cff000
RSP=0x00007f6e558cfa70 is pointing into the stack for thread: 0x00007f6e08046800
RBP=0x00007f6e080469e8 is an unknown value
RSI=0x00007f6e558dbe30: <offset 0x9e30> in /usr/lib/jvm/java-7-oracle/jre/lib/amd64/librxtxSerial.so at 0x00007f6e558d2000
RDI=0x00007f6e558dbd3e: <offset 0x9d3e> in /usr/lib/jvm/java-7-oracle/jre/lib/amd64/librxtxSerial.so at 0x00007f6e558d2000
R8 =0x00007f6e558cf9e0 is pointing into the stack for thread: 0x00007f6e08046800
R9 =0x00000007d75ad1c8 is an oop
gnu.io.RXTXPort 
 - klass: 'gnu/io/RXTXPort'
R10=0x0000000000000000 is an unknown value
R11=0x00007f6e71b4ede8: <offset 0xe4fde8> in /usr/lib/jvm/java-7-oracle/jre/lib/amd64/server/libjvm.so at 0x00007f6e70cff000
R12=0x00000000ffffffff is an unknown value
R13=0x0000000000000000 is an unknown value
R14=0x000000000000001c is an unknown value
R15=0x0000000000000000 is an unknown value


Stack: [0x00007f6e557d1000,0x00007f6e558d2000],  sp=0x00007f6e558cfa70,  free space=1018k
Native frames: (J=compiled Java code, j=interpreted, Vv=VM code, C=native code)
C  [librxtxSerial.so+0x6462]  read_byte_array+0x52

Java frames: (J=compiled Java code, j=interpreted, Vv=VM code)
j  gnu.io.RXTXPort.readArray([BII)I+0
j  gnu.io.RXTXPort$SerialInputStream.read([BII)I+187
j  sun.nio.cs.StreamDecoder.readBytes()I+135
j  sun.nio.cs.StreamDecoder.implRead([CII)I+112
j  sun.nio.cs.StreamDecoder.read([CII)I+180
j  java.io.InputStreamReader.read([CII)I+7
j  java.io.BufferedReader.fill()V+145
j  java.io.BufferedReader.readLine(Z)Ljava/lang/String;+44
j  java.io.BufferedReader.readLine()Ljava/lang/String;+2
j  SerialTest.serialEvent(Lgnu/io/SerialPortEvent;)V+16
j  gnu.io.RXTXPort.sendEvent(IZ)Z+382
v  ~StubRoutines::call_stub
j  gnu.io.RXTXPort.eventLoop()V+0
j  gnu.io.RXTXPort$MonitorThread.run()V+12
v  ~StubRoutines::call_stub

---------------  P R O C E S S  ---------------

Java Threads: ( => current thread )
=>0x00007f6e08046800 JavaThread "Thread-1" [_thread_in_native, id=15844, stack(0x00007f6e557d1000,0x00007f6e558d2000)]
  0x00007f6e6c00a800 JavaThread "DestroyJavaVM" [_thread_blocked, id=15798, stack(0x00007f6e7266e000,0x00007f6e7276f000)]
  0x00007f6e6c283800 JavaThread "Thread-0" [_thread_blocked, id=15840, stack(0x00007f6e559df000,0x00007f6e55ae0000)]
  0x00007f6e10003800 JavaThread "AWT-EventQueue-0" [_thread_blocked, id=15839, stack(0x00007f6e563ff000,0x00007f6e56500000)]
  0x00007f6e6c21b800 JavaThread "AWT-Shutdown" [_thread_blocked, id=15838, stack(0x00007f6e56500000,0x00007f6e56601000)]
  0x00007f6e6c1f1800 JavaThread "AWT-XAWT" daemon [_thread_in_native, id=15837, stack(0x00007f6e56601000,0x00007f6e56702000)]
  0x00007f6e6c1ce800 JavaThread "Java2D Disposer" daemon [_thread_blocked, id=15836, stack(0x00007f6e56b12000,0x00007f6e56c13000)]
  0x00007f6e6c171000 JavaThread "Monitor Ctrl-Break" daemon [_thread_in_native, id=15827, stack(0x00007f6e64850000,0x00007f6e64951000)]
  0x00007f6e6c0a2000 JavaThread "Service Thread" daemon [_thread_blocked, id=15814, stack(0x00007f6e64d39000,0x00007f6e64e3a000)]
  0x00007f6e6c09f800 JavaThread "C2 CompilerThread1" daemon [_thread_blocked, id=15813, stack(0x00007f6e64e3a000,0x00007f6e64f3b000)]
  0x00007f6e6c09c800 JavaThread "C2 CompilerThread0" daemon [_thread_blocked, id=15812, stack(0x00007f6e64f3b000,0x00007f6e6503c000)]
  0x00007f6e6c09a800 JavaThread "Signal Dispatcher" daemon [_thread_blocked, id=15811, stack(0x00007f6e6503c000,0x00007f6e6513d000)]
  0x00007f6e6c079800 JavaThread "Finalizer" daemon [_thread_blocked, id=15809, stack(0x00007f6e65415000,0x00007f6e65516000)]
  0x00007f6e6c077800 JavaThread "Reference Handler" daemon [_thread_blocked, id=15808, stack(0x00007f6e65516000,0x00007f6e65617000)]

Other Threads:
  0x00007f6e6c073000 VMThread [stack: 0x00007f6e65617000,0x00007f6e65718000] [id=15807]
  0x00007f6e6c0ac800 WatcherThread [stack: 0x00007f6e64c38000,0x00007f6e64d39000] [id=15815]

VM state:not at safepoint (normal execution)

VM Mutex/Monitor currently owned by a thread: None

Heap
 PSYoungGen      total 36864K, used 6986K [0x00000007d7000000, 0x00000007d9900000, 0x0000000800000000)
  eden space 31744K, 22% used [0x00000007d7000000,0x00000007d76d2b38,0x00000007d8f00000)
  from space 5120K, 0% used [0x00000007d9400000,0x00000007d9400000,0x00000007d9900000)
  to   space 5120K, 0% used [0x00000007d8f00000,0x00000007d8f00000,0x00000007d9400000)
 ParOldGen       total 83968K, used 0K [0x0000000785000000, 0x000000078a200000, 0x00000007d7000000)
  object space 83968K, 0% used [0x0000000785000000,0x0000000785000000,0x000000078a200000)
 PSPermGen       total 21504K, used 8061K [0x000000077fe00000, 0x0000000781300000, 0x0000000785000000)
  object space 21504K, 37% used [0x000000077fe00000,0x00000007805df7f8,0x0000000781300000)

Card table byte_map: [0x00007f6e683af000,0x00007f6e687b1000] byte_map_base: 0x00007f6e647b0000

Polling page: 0x00007f6e7279a000

Code Cache  [0x00007f6e687b1000, 0x00007f6e68a21000, 0x00007f6e6b7b1000)
 total_blobs=428 nmethods=25 adapters=357 free_code_cache=48610Kb largest_free_block=49759104

Compilation events (10 events):
Event: 1.940 Thread 0x00007f6e6c09f800   21             java.lang.String::length (6 bytes)
Event: 1.941 Thread 0x00007f6e6c09f800 nmethod 21 0x00007f6e68837e50 code [0x00007f6e68837f80, 0x00007f6e68837ff8]
Event: 1.960 Thread 0x00007f6e6c09c800   22             java.lang.CharacterData::of (120 bytes)
Event: 1.960 Thread 0x00007f6e6c09f800   23             java.lang.CharacterDataLatin1::getProperties (11 bytes)
Event: 1.961 Thread 0x00007f6e6c09c800 nmethod 22 0x00007f6e68837c10 code [0x00007f6e68837d40, 0x00007f6e68837db8]
Event: 1.961 Thread 0x00007f6e6c09c800   24             java.util.Arrays::copyOfRange (63 bytes)
Event: 1.961 Thread 0x00007f6e6c09f800 nmethod 23 0x00007f6e688379d0 code [0x00007f6e68837b00, 0x00007f6e68837b98]
Event: 1.961 Thread 0x00007f6e6c09f800   25             java.lang.String::<init> (67 bytes)
Event: 1.965 Thread 0x00007f6e6c09c800 nmethod 24 0x00007f6e68837510 code [0x00007f6e68837660, 0x00007f6e68837878]
Event: 1.967 Thread 0x00007f6e6c09f800 nmethod 25 0x00007f6e6883a950 code [0x00007f6e6883aaa0, 0x00007f6e6883ad58]

GC Heap History (0 events):
No events

Deoptimization events (3 events):
Event: 0.144 Thread 0x00007f6e6c00a800 Uncommon trap: reason=unstable_if action=reinterpret pc=0x00007f6e68811480 method=java.lang.String.indexOf(II)I @ 49
Event: 0.164 Thread 0x00007f6e6c00a800 Uncommon trap: reason=unstable_if action=reinterpret pc=0x00007f6e6882ec04 method=java.util.Properties$LineReader.readLine()I @ 315
Event: 0.166 Thread 0x00007f6e6c00a800 Uncommon trap: reason=unstable_if action=reinterpret pc=0x00007f6e6882d10c method=java.util.Properties.loadConvert([CII[C)Ljava/lang/String; @ 57

Internal exceptions (10 events):
Event: 0.110 Thread 0x00007f6e6c00a800 Threw 0x00000007d723b6f8 at /HUDSON/workspace/7u-2-build-linux-amd64/jdk7u80/2329/hotspot/src/share/vm/prims/jvm.cpp:1319
Event: 0.205 Thread 0x00007f6e6c00a800 Threw 0x00000007d74cb940 at /HUDSON/workspace/7u-2-build-linux-amd64/jdk7u80/2329/hotspot/src/share/vm/prims/jvm.cpp:1319
Event: 0.212 Thread 0x00007f6e10003800 Threw 0x00000007d733a0b0 at /HUDSON/workspace/7u-2-build-linux-amd64/jdk7u80/2329/hotspot/src/share/vm/prims/jvm.cpp:1319
Event: 0.212 Thread 0x00007f6e10003800 Threw 0x00000007d733a2d8 at /HUDSON/workspace/7u-2-build-linux-amd64/jdk7u80/2329/hotspot/src/share/vm/prims/jvm.cpp:1319
Event: 0.212 Thread 0x00007f6e10003800 Threw 0x00000007d733c748 at /HUDSON/workspace/7u-2-build-linux-amd64/jdk7u80/2329/hotspot/src/share/vm/prims/jvm.cpp:1319
Event: 0.212 Thread 0x00007f6e10003800 Threw 0x00000007d733c970 at /HUDSON/workspace/7u-2-build-linux-amd64/jdk7u80/2329/hotspot/src/share/vm/prims/jvm.cpp:1319
Event: 1.922 Thread 0x00007f6e10003800 Threw 0x00000007d7376978 at /HUDSON/workspace/7u-2-build-linux-amd64/jdk7u80/2329/hotspot/src/share/vm/prims/jni.cpp:717
Event: 1.936 Thread 0x00007f6e10003800 Threw 0x00000007d738b938 at /HUDSON/workspace/7u-2-build-linux-amd64/jdk7u80/2329/hotspot/src/share/vm/prims/jni.cpp:717
Event: 1.943 Thread 0x00007f6e10003800 Threw 0x00000007d739e258 at /HUDSON/workspace/7u-2-build-linux-amd64/jdk7u80/2329/hotspot/src/share/vm/prims/jni.cpp:717
Event: 1.955 Thread 0x00007f6e10003800 Threw 0x00000007d73b2e90 at /HUDSON/workspace/7u-2-build-linux-amd64/jdk7u80/2329/hotspot/src/share/vm/prims/jni.cpp:717

Events (10 events):
Event: 1.964 loading class 0x00007f6e0804d1c0 done
Event: 1.965 loading class 0x00007f6e0804d180
Event: 1.965 loading class 0x00007f6e0804d180 done
Event: 1.967 loading class 0x00007f6e0804d4d0
Event: 1.967 loading class 0x00007f6e0804d4d0 done
Event: 1.968 loading class 0x00007f6e0802abb0
Event: 1.968 loading class 0x00007f6e0802abb0 done
Event: 1.970 loading class 0x00007f6e0804d200
Event: 1.970 loading class 0x00007f6e0804d200 done
Event: 1.971 Thread 0x00007f6e08046800 Thread added: 0x00007f6e08046800


Dynamic libraries:
00400000-00401000 r-xp 00000000 08:01 8390142                            /usr/lib/jvm/java-7-oracle/bin/java
00600000-00601000 rw-p 00000000 08:01 8390142                            /usr/lib/jvm/java-7-oracle/bin/java
020a2000-020c3000 rw-p 00000000 00:00 0                                  [heap]
77fe00000-781300000 rw-p 00000000 00:00 0 
781300000-785000000 rw-p 00000000 00:00 0 
785000000-78a200000 rw-p 00000000 00:00 0 
78a200000-7d7000000 rw-p 00000000 00:00 0 
7d7000000-7d9900000 rw-p 00000000 00:00 0 
7d9900000-800000000 rw-p 00000000 00:00 0 
7f6dfc000000-7f6dfc021000 rw-p 00000000 00:00 0 
7f6dfc021000-7f6e00000000 ---p 00000000 00:00 0 
7f6e00000000-7f6e00021000 rw-p 00000000 00:00 0 
7f6e00021000-7f6e04000000 ---p 00000000 00:00 0 
7f6e04000000-7f6e04021000 rw-p 00000000 00:00 0 
7f6e04021000-7f6e08000000 ---p 00000000 00:00 0 
7f6e08000000-7f6e0804f000 rw-p 00000000 00:00 0 
7f6e0804f000-7f6e0c000000 ---p 00000000 00:00 0 
7f6e0c000000-7f6e0c021000 rw-p 00000000 00:00 0 
7f6e0c021000-7f6e10000000 ---p 00000000 00:00 0 
7f6e10000000-7f6e10021000 rw-p 00000000 00:00 0 
7f6e10021000-7f6e14000000 ---p 00000000 00:00 0 
7f6e14000000-7f6e14021000 rw-p 00000000 00:00 0 
7f6e14021000-7f6e18000000 ---p 00000000 00:00 0 
7f6e18000000-7f6e18021000 rw-p 00000000 00:00 0 
7f6e18021000-7f6e1c000000 ---p 00000000 00:00 0 
7f6e1c000000-7f6e1c156000 rw-p 00000000 00:00 0 
7f6e1c156000-7f6e20000000 ---p 00000000 00:00 0 
7f6e20000000-7f6e20021000 rw-p 00000000 00:00 0 
7f6e20021000-7f6e24000000 ---p 00000000 00:00 0 
7f6e24000000-7f6e24021000 rw-p 00000000 00:00 0 
7f6e24021000-7f6e28000000 ---p 00000000 00:00 0 
7f6e28000000-7f6e28217000 rw-p 00000000 00:00 0 
7f6e28217000-7f6e2c000000 ---p 00000000 00:00 0 
7f6e2c000000-7f6e2c021000 rw-p 00000000 00:00 0 
7f6e2c021000-7f6e30000000 ---p 00000000 00:00 0 
7f6e30000000-7f6e30021000 rw-p 00000000 00:00 0 
7f6e30021000-7f6e34000000 ---p 00000000 00:00 0 
7f6e34000000-7f6e34021000 rw-p 00000000 00:00 0 
7f6e34021000-7f6e38000000 ---p 00000000 00:00 0 
7f6e3bff0000-7f6e40000000 rw-p 00000000 00:00 0 
7f6e40000000-7f6e40021000 rw-p 00000000 00:00 0 
7f6e40021000-7f6e44000000 ---p 00000000 00:00 0 
7f6e44000000-7f6e44021000 rw-p 00000000 00:00 0 
7f6e44021000-7f6e48000000 ---p 00000000 00:00 0 
7f6e48000000-7f6e48021000 rw-p 00000000 00:00 0 
7f6e48021000-7f6e4c000000 ---p 00000000 00:00 0 
7f6e4c000000-7f6e4c021000 rw-p 00000000 00:00 0 
7f6e4c021000-7f6e50000000 ---p 00000000 00:00 0 
7f6e50000000-7f6e50021000 rw-p 00000000 00:00 0 
7f6e50021000-7f6e54000000 ---p 00000000 00:00 0 
7f6e557d1000-7f6e557d4000 ---p 00000000 00:00 0 
7f6e557d4000-7f6e558d2000 rw-p 00000000 00:00 0 
7f6e558d2000-7f6e558de000 r-xp 00000000 08:01 6422637                    /usr/lib/jvm/java-7-oracle/jre/lib/amd64/librxtxSerial.so
7f6e558de000-7f6e559dd000 ---p 0000c000 08:01 6422637                    /usr/lib/jvm/java-7-oracle/jre/lib/amd64/librxtxSerial.so
7f6e559dd000-7f6e559df000 rw-p 0000b000 08:01 6422637                    /usr/lib/jvm/java-7-oracle/jre/lib/amd64/librxtxSerial.so
7f6e559df000-7f6e559e2000 ---p 00000000 00:00 0 
7f6e559e2000-7f6e55ae0000 rw-p 00000000 00:00 0 
7f6e55ae0000-7f6e55b49000 r-xp 00000000 08:01 6431249                    /usr/lib/jvm/java-7-oracle/jre/lib/amd64/libt2k.so
7f6e55b49000-7f6e55d48000 ---p 00069000 08:01 6431249                    /usr/lib/jvm/java-7-oracle/jre/lib/amd64/libt2k.so
7f6e55d48000-7f6e55d4f000 rw-p 00068000 08:01 6431249                    /usr/lib/jvm/java-7-oracle/jre/lib/amd64/libt2k.so
7f6e55d4f000-7f6e55d5f000 rw-p 00000000 00:00 0 
7f6e55d5f000-7f6e55d6f000 r-xp 00000000 08:01 6431193                    /usr/lib/jvm/java-7-oracle/jre/lib/amd64/libnio.so
7f6e55d6f000-7f6e55f6f000 ---p 00010000 08:01 6431193                    /usr/lib/jvm/java-7-oracle/jre/lib/amd64/libnio.so
7f6e55f6f000-7f6e55f70000 rw-p 00010000 08:01 6431193                    /usr/lib/jvm/java-7-oracle/jre/lib/amd64/libnio.so
7f6e55f70000-7f6e55f86000 r-xp 00000000 08:01 13108303                   /lib/x86_64-linux-gnu/libgcc_s.so.1
7f6e55f86000-7f6e56185000 ---p 00016000 08:01 13108303                   /lib/x86_64-linux-gnu/libgcc_s.so.1
7f6e56185000-7f6e56186000 rw-p 00015000 08:01 13108303                   /lib/x86_64-linux-gnu/libgcc_s.so.1
7f6e56186000-7f6e561eb000 r-xp 00000000 08:01 6431190                    /usr/lib/jvm/java-7-oracle/jre/lib/amd64/libfontmanager.so
7f6e561eb000-7f6e563ea000 ---p 00065000 08:01 6431190                    /usr/lib/jvm/java-7-oracle/jre/lib/amd64/libfontmanager.so
7f6e563ea000-7f6e563ef000 rw-p 00064000 08:01 6431190                    /usr/lib/jvm/java-7-oracle/jre/lib/amd64/libfontmanager.so
7f6e563ef000-7f6e563ff000 rw-p 00000000 00:00 0 
7f6e563ff000-7f6e56402000 ---p 00000000 00:00 0 
7f6e56402000-7f6e56500000 rw-p 00000000 00:00 0 
7f6e56500000-7f6e56503000 ---p 00000000 00:00 0 
7f6e56503000-7f6e56601000 rw-p 00000000 00:00 0 
7f6e56601000-7f6e56604000 ---p 00000000 00:00 0 
7f6e56604000-7f6e56702000 rw-p 00000000 00:00 0 
7f6e56702000-7f6e56707000 r-xp 00000000 08:01 4464690                    /usr/lib/x86_64-linux-gnu/libXfixes.so.3.1.0
7f6e56707000-7f6e56906000 ---p 00005000 08:01 4464690                    /usr/lib/x86_64-linux-gnu/libXfixes.so.3.1.0
7f6e56906000-7f6e56907000 r--p 00004000 08:01 4464690                    /usr/lib/x86_64-linux-gnu/libXfixes.so.3.1.0
7f6e56907000-7f6e56908000 rw-p 00005000 08:01 4464690                    /usr/lib/x86_64-linux-gnu/libXfixes.so.3.1.0
7f6e56908000-7f6e56911000 r-xp 00000000 08:01 4464682                    /usr/lib/x86_64-linux-gnu/libXcursor.so.1.0.2
7f6e56911000-7f6e56b10000 ---p 00009000 08:01 4464682                    /usr/lib/x86_64-linux-gnu/libXcursor.so.1.0.2
7f6e56b10000-7f6e56b11000 r--p 00008000 08:01 4464682                    /usr/lib/x86_64-linux-gnu/libXcursor.so.1.0.2
7f6e56b11000-7f6e56b12000 rw-p 00009000 08:01 4464682                    /usr/lib/x86_64-linux-gnu/libXcursor.so.1.0.2
7f6e56b12000-7f6e56b15000 ---p 00000000 00:00 0 
7f6e56b15000-7f6e56c13000 rw-p 00000000 00:00 0 
7f6e56c13000-7f6e56c18000 r-xp 00000000 08:01 4456884                    /usr/lib/x86_64-linux-gnu/libXdmcp.so.6.0.0
7f6e56c18000-7f6e56e17000 ---p 00005000 08:01 4456884                    /usr/lib/x86_64-linux-gnu/libXdmcp.so.6.0.0
7f6e56e17000-7f6e56e18000 r--p 00004000 08:01 4456884                    /usr/lib/x86_64-linux-gnu/libXdmcp.so.6.0.0
7f6e56e18000-7f6e56e19000 rw-p 00005000 08:01 4456884                    /usr/lib/x86_64-linux-gnu/libXdmcp.so.6.0.0
7f6e56e19000-7f6e56e1b000 r-xp 00000000 08:01 4464675                    /usr/lib/x86_64-linux-gnu/libXau.so.6.0.0
7f6e56e1b000-7f6e5701b000 ---p 00002000 08:01 4464675                    /usr/lib/x86_64-linux-gnu/libXau.so.6.0.0
7f6e5701b000-7f6e5701c000 r--p 00002000 08:01 4464675                    /usr/lib/x86_64-linux-gnu/libXau.so.6.0.0
7f6e5701c000-7f6e5701d000 rw-p 00003000 08:01 4464675                    /usr/lib/x86_64-linux-gnu/libXau.so.6.0.0
7f6e5701d000-7f6e5703e000 r-xp 00000000 08:01 4456623                    /usr/lib/x86_64-linux-gnu/libxcb.so.1.1.0
7f6e5703e000-7f6e5723d000 ---p 00021000 08:01 4456623                    /usr/lib/x86_64-linux-gnu/libxcb.so.1.1.0
7f6e5723d000-7f6e5723e000 r--p 00020000 08:01 4456623                    /usr/lib/x86_64-linux-gnu/libxcb.so.1.1.0
7f6e5723e000-7f6e5723f000 rw-p 00021000 08:01 4456623                    /usr/lib/x86_64-linux-gnu/libxcb.so.1.1.0
7f6e5723f000-7f6e5724e000 r-xp 00000000 08:01 4458892                    /usr/lib/x86_64-linux-gnu/libXi.so.6.1.0
7f6e5724e000-7f6e5744d000 ---p 0000f000 08:01 4458892                    /usr/lib/x86_64-linux-gnu/libXi.so.6.1.0
7f6e5744d000-7f6e5744e000 r--p 0000e000 08:01 4458892                    /usr/lib/x86_64-linux-gnu/libXi.so.6.1.0
7f6e5744e000-7f6e5744f000 rw-p 0000f000 08:01 4458892                    /usr/lib/x86_64-linux-gnu/libXi.so.6.1.0
7f6e5744f000-7f6e57454000 r-xp 00000000 08:01 4464716                    /usr/lib/x86_64-linux-gnu/libXtst.so.6.1.0
7f6e57454000-7f6e57653000 ---p 00005000 08:01 4464716                    /usr/lib/x86_64-linux-gnu/libXtst.so.6.1.0
7f6e57653000-7f6e57654000 r--p 00004000 08:01 4464716                    /usr/lib/x86_64-linux-gnu/libXtst.so.6.1.0
7f6e57654000-7f6e57655000 rw-p 00005000 08:01 4464716                    /usr/lib/x86_64-linux-gnu/libXtst.so.6.1.0
7f6e57655000-7f6e5765e000 r-xp 00000000 08:01 4461767                    /usr/lib/x86_64-linux-gnu/libXrender.so.1.3.0
7f6e5765e000-7f6e5785d000 ---p 00009000 08:01 4461767                    /usr/lib/x86_64-linux-gnu/libXrender.so.1.3.0
7f6e5785d000-7f6e5785e000 r--p 00008000 08:01 4461767                    /usr/lib/x86_64-linux-gnu/libXrender.so.1.3.0
7f6e5785e000-7f6e5785f000 rw-p 00009000 08:01 4461767                    /usr/lib/x86_64-linux-gnu/libXrender.so.1.3.0
7f6e5785f000-7f6e57994000 r-xp 00000000 08:01 4461757                    /usr/lib/x86_64-linux-gnu/libX11.so.6.3.0
7f6e57994000-7f6e57b94000 ---p 00135000 08:01 4461757                    /usr/lib/x86_64-linux-gnu/libX11.so.6.3.0
7f6e57b94000-7f6e57b95000 r--p 00135000 08:01 4461757                    /usr/lib/x86_64-linux-gnu/libX11.so.6.3.0
7f6e57b95000-7f6e57b99000 rw-p 00136000 08:01 4461757                    /usr/lib/x86_64-linux-gnu/libX11.so.6.3.0
7f6e57b99000-7f6e57baa000 r-xp 00000000 08:01 4464688                    /usr/lib/x86_64-linux-gnu/libXext.so.6.4.0
7f6e57baa000-7f6e57da9000 ---p 00011000 08:01 4464688                    /usr/lib/x86_64-linux-gnu/libXext.so.6.4.0
7f6e57da9000-7f6e57daa000 r--p 00010000 08:01 4464688                    /usr/lib/x86_64-linux-gnu/libXext.so.6.4.0
7f6e57daa000-7f6e57dab000 rw-p 00011000 08:01 4464688                    /usr/lib/x86_64-linux-gnu/libXext.so.6.4.0
7f6e57dab000-7f6e57dfb000 r-xp 00000000 08:01 6431210                    /usr/lib/jvm/java-7-oracle/jre/lib/amd64/xawt/libmawt.so
7f6e57dfb000-7f6e57ffb000 ---p 00050000 08:01 6431210                    /usr/lib/jvm/java-7-oracle/jre/lib/amd64/xawt/libmawt.so
7f6e57ffb000-7f6e57fff000 rw-p 00050000 08:01 6431210                    /usr/lib/jvm/java-7-oracle/jre/lib/amd64/xawt/libmawt.so
7f6e57fff000-7f6e58000000 rw-p 00000000 00:00 0 
7f6e58000000-7f6e58021000 rw-p 00000000 00:00 0 
7f6e58021000-7f6e5c000000 ---p 00000000 00:00 0 
7f6e5c000000-7f6e5c021000 rw-p 00000000 00:00 0 
7f6e5c021000-7f6e60000000 ---p 00000000 00:00 0 
7f6e60000000-7f6e60021000 rw-p 00000000 00:00 0 
7f6e60021000-7f6e64000000 ---p 00000000 00:00 0 
7f6e64066000-7f6e64108000 r-xp 00000000 08:01 6431236                    /usr/lib/jvm/java-7-oracle/jre/lib/amd64/libawt.so
7f6e64108000-7f6e64308000 ---p 000a2000 08:01 6431236                    /usr/lib/jvm/java-7-oracle/jre/lib/amd64/libawt.so
7f6e64308000-7f6e64314000 rw-p 000a2000 08:01 6431236                    /usr/lib/jvm/java-7-oracle/jre/lib/amd64/libawt.so
7f6e64314000-7f6e64639000 rw-p 00000000 00:00 0 
7f6e64639000-7f6e64650000 r-xp 00000000 08:01 6431237                    /usr/lib/jvm/java-7-oracle/jre/lib/amd64/libnet.so
7f6e64650000-7f6e6484f000 ---p 00017000 08:01 6431237                    /usr/lib/jvm/java-7-oracle/jre/lib/amd64/libnet.so
7f6e6484f000-7f6e64850000 rw-p 00016000 08:01 6431237                    /usr/lib/jvm/java-7-oracle/jre/lib/amd64/libnet.so
7f6e64850000-7f6e64853000 ---p 00000000 00:00 0 
7f6e64853000-7f6e64951000 rw-p 00000000 00:00 0 
7f6e64951000-7f6e64952000 r-xp 00000000 08:11 88930                      /mnt/0e30dc8f-20c2-4c0a-8baa-b104d38db77e/Programmer/idea-IU-143.1821.5/bin/libbreakgen64.so
7f6e64952000-7f6e64b51000 ---p 00001000 08:11 88930                      /mnt/0e30dc8f-20c2-4c0a-8baa-b104d38db77e/Programmer/idea-IU-143.1821.5/bin/libbreakgen64.so
7f6e64b51000-7f6e64b52000 r--p 00000000 08:11 88930                      /mnt/0e30dc8f-20c2-4c0a-8baa-b104d38db77e/Programmer/idea-IU-143.1821.5/bin/libbreakgen64.so
7f6e64b52000-7f6e64b53000 rw-p 00001000 08:11 88930                      /mnt/0e30dc8f-20c2-4c0a-8baa-b104d38db77e/Programmer/idea-IU-143.1821.5/bin/libbreakgen64.so
7f6e64b53000-7f6e64b7d000 r--s 001e9000 08:01 7087839                    /home/silverbaq/GitRepos/Pervasive-MA2/untitled/guava-15.0-rc1.jar
7f6e64b7d000-7f6e64b90000 r--s 000d6000 08:01 6431176                    /usr/lib/jvm/java-7-oracle/jre/lib/plugin.jar
7f6e64b90000-7f6e64c1f000 r--s 00de4000 08:01 6432238                    /usr/lib/jvm/java-7-oracle/jre/lib/jfxrt.jar
7f6e64c1f000-7f6e64c38000 r--s 001e7000 08:01 6432243                    /usr/lib/jvm/java-7-oracle/jre/lib/deploy.jar
7f6e64c38000-7f6e64c39000 ---p 00000000 00:00 0 
7f6e64c39000-7f6e64d39000 rw-p 00000000 00:00 0 
7f6e64d39000-7f6e64d3c000 ---p 00000000 00:00 0 
7f6e64d3c000-7f6e64e3a000 rw-p 00000000 00:00 0 
7f6e64e3a000-7f6e64e3d000 ---p 00000000 00:00 0 
7f6e64e3d000-7f6e64f3b000 rw-p 00000000 00:00 0 
7f6e64f3b000-7f6e64f3e000 ---p 00000000 00:00 0 
7f6e64f3e000-7f6e6503c000 rw-p 00000000 00:00 0 
7f6e6503c000-7f6e6503f000 ---p 00000000 00:00 0 
7f6e6503f000-7f6e6513d000 rw-p 00000000 00:00 0 
7f6e6513d000-7f6e65415000 r--p 00000000 08:01 4460634                    /usr/lib/locale/locale-archive
7f6e65415000-7f6e65418000 ---p 00000000 00:00 0 
7f6e65418000-7f6e65516000 rw-p 00000000 00:00 0 
7f6e65516000-7f6e65519000 ---p 00000000 00:00 0 
7f6e65519000-7f6e65617000 rw-p 00000000 00:00 0 
7f6e65617000-7f6e65618000 ---p 00000000 00:00 0 
7f6e65618000-7f6e67386000 rw-p 00000000 00:00 0 
7f6e67386000-7f6e67546000 r--s 039fb000 08:01 6432252                    /usr/lib/jvm/java-7-oracle/jre/lib/rt.jar
7f6e67546000-7f6e67a18000 rw-p 00000000 00:00 0 
7f6e67a18000-7f6e67a19000 ---p 00000000 00:00 0 
7f6e67a19000-7f6e67b19000 rw-p 00000000 00:00 0 
7f6e67b19000-7f6e67b1a000 ---p 00000000 00:00 0 
7f6e67b1a000-7f6e67c1a000 rw-p 00000000 00:00 0 
7f6e67c1a000-7f6e67c1b000 ---p 00000000 00:00 0 
7f6e67c1b000-7f6e67d1b000 rw-p 00000000 00:00 0 
7f6e67d1b000-7f6e67d1c000 ---p 00000000 00:00 0 
7f6e67d1c000-7f6e67e1c000 rw-p 00000000 00:00 0 
7f6e67e1c000-7f6e67e1d000 ---p 00000000 00:00 0 
7f6e67e1d000-7f6e67f1d000 rw-p 00000000 00:00 0 
7f6e67f1d000-7f6e67f1e000 ---p 00000000 00:00 0 
7f6e67f1e000-7f6e6801e000 rw-p 00000000 00:00 0 
7f6e6801e000-7f6e6801f000 ---p 00000000 00:00 0 
7f6e6801f000-7f6e68148000 rw-p 00000000 00:00 0 
7f6e68148000-7f6e683af000 rw-p 00000000 00:00 0 
7f6e683af000-7f6e683ba000 rw-p 00000000 00:00 0 
7f6e683ba000-7f6e683d8000 rw-p 00000000 00:00 0 
7f6e683d8000-7f6e68401000 rw-p 00000000 00:00 0 
7f6e68401000-7f6e68668000 rw-p 00000000 00:00 0 
7f6e68668000-7f6e6867d000 rw-p 00000000 00:00 0 
7f6e6867d000-7f6e687b0000 rw-p 00000000 00:00 0 
7f6e687b0000-7f6e687b1000 rw-p 00000000 00:00 0 
7f6e687b1000-7f6e68a21000 rwxp 00000000 00:00 0 
7f6e68a21000-7f6e6b7b1000 rw-p 00000000 00:00 0 
7f6e6b7b1000-7f6e6b7c8000 r-xp 00000000 08:01 6431231                    /usr/lib/jvm/java-7-oracle/jre/lib/amd64/libzip.so
7f6e6b7c8000-7f6e6b9c8000 ---p 00017000 08:01 6431231                    /usr/lib/jvm/java-7-oracle/jre/lib/amd64/libzip.so
7f6e6b9c8000-7f6e6b9c9000 rw-p 00017000 08:01 6431231                    /usr/lib/jvm/java-7-oracle/jre/lib/amd64/libzip.so
7f6e6b9c9000-7f6e6b9d4000 r-xp 00000000 08:01 13114229                   /lib/x86_64-linux-gnu/libnss_files-2.23.so
7f6e6b9d4000-7f6e6bbd3000 ---p 0000b000 08:01 13114229                   /lib/x86_64-linux-gnu/libnss_files-2.23.so
7f6e6bbd3000-7f6e6bbd4000 r--p 0000a000 08:01 13114229                   /lib/x86_64-linux-gnu/libnss_files-2.23.so
7f6e6bbd4000-7f6e6bbd5000 rw-p 0000b000 08:01 13114229                   /lib/x86_64-linux-gnu/libnss_files-2.23.so
7f6e6bbd5000-7f6e6bbdb000 rw-p 00000000 00:00 0 
7f6e6bbdb000-7f6e6bbe6000 r-xp 00000000 08:01 13114226                   /lib/x86_64-linux-gnu/libnss_nis-2.23.so
7f6e6bbe6000-7f6e6bde5000 ---p 0000b000 08:01 13114226                   /lib/x86_64-linux-gnu/libnss_nis-2.23.so
7f6e6bde5000-7f6e6bde6000 r--p 0000a000 08:01 13114226                   /lib/x86_64-linux-gnu/libnss_nis-2.23.so
7f6e6bde6000-7f6e6bde7000 rw-p 0000b000 08:01 13114226                   /lib/x86_64-linux-gnu/libnss_nis-2.23.so
7f6e6bde7000-7f6e6bdfd000 r-xp 00000000 08:01 13114208                   /lib/x86_64-linux-gnu/libnsl-2.23.so
7f6e6bdfd000-7f6e6bffc000 ---p 00016000 08:01 13114208                   /lib/x86_64-linux-gnu/libnsl-2.23.so
7f6e6bffc000-7f6e6bffd000 r--p 00015000 08:01 13114208                   /lib/x86_64-linux-gnu/libnsl-2.23.so
7f6e6bffd000-7f6e6bffe000 rw-p 00016000 08:01 13114208                   /lib/x86_64-linux-gnu/libnsl-2.23.so
7f6e6bffe000-7f6e6c000000 rw-p 00000000 00:00 0 
7f6e6c000000-7f6e6c288000 rw-p 00000000 00:00 0 
7f6e6c288000-7f6e70000000 ---p 00000000 00:00 0 
7f6e7000c000-7f6e7000e000 r--s 0001e000 08:11 47617                      /mnt/0e30dc8f-20c2-4c0a-8baa-b104d38db77e/Programmer/idea-IU-143.1821.5/lib/idea_rt.jar
7f6e7000e000-7f6e70010000 r--s 0000d000 08:01 13902403                   /home/silverbaq/GitRepos/Pervasive-MA2/untitled/rxtx-2.1.7.jar
7f6e70010000-7f6e70082000 rw-p 00000000 00:00 0 
7f6e70082000-7f6e70083000 ---p 00000000 00:00 0 
7f6e70083000-7f6e7018e000 rw-p 00000000 00:00 0 
7f6e7018e000-7f6e701ac000 rw-p 00000000 00:00 0 
7f6e701ac000-7f6e701b4000 r-xp 00000000 08:01 13114204                   /lib/x86_64-linux-gnu/libnss_compat-2.23.so
7f6e701b4000-7f6e703b3000 ---p 00008000 08:01 13114204                   /lib/x86_64-linux-gnu/libnss_compat-2.23.so
7f6e703b3000-7f6e703b4000 r--p 00007000 08:01 13114204                   /lib/x86_64-linux-gnu/libnss_compat-2.23.so
7f6e703b4000-7f6e703b5000 rw-p 00008000 08:01 13114204                   /lib/x86_64-linux-gnu/libnss_compat-2.23.so
7f6e703b5000-7f6e703de000 r-xp 00000000 08:01 6431186                    /usr/lib/jvm/java-7-oracle/jre/lib/amd64/libjava.so
7f6e703de000-7f6e705de000 ---p 00029000 08:01 6431186                    /usr/lib/jvm/java-7-oracle/jre/lib/amd64/libjava.so
7f6e705de000-7f6e705e0000 rw-p 00029000 08:01 6431186                    /usr/lib/jvm/java-7-oracle/jre/lib/amd64/libjava.so
7f6e705e0000-7f6e705ed000 r-xp 00000000 08:01 6431222                    /usr/lib/jvm/java-7-oracle/jre/lib/amd64/libverify.so
7f6e705ed000-7f6e707ec000 ---p 0000d000 08:01 6431222                    /usr/lib/jvm/java-7-oracle/jre/lib/amd64/libverify.so
7f6e707ec000-7f6e707ee000 rw-p 0000c000 08:01 6431222                    /usr/lib/jvm/java-7-oracle/jre/lib/amd64/libverify.so
7f6e707ee000-7f6e707f5000 r-xp 00000000 08:01 13114238                   /lib/x86_64-linux-gnu/librt-2.23.so
7f6e707f5000-7f6e709f4000 ---p 00007000 08:01 13114238                   /lib/x86_64-linux-gnu/librt-2.23.so
7f6e709f4000-7f6e709f5000 r--p 00006000 08:01 13114238                   /lib/x86_64-linux-gnu/librt-2.23.so
7f6e709f5000-7f6e709f6000 rw-p 00007000 08:01 13114238                   /lib/x86_64-linux-gnu/librt-2.23.so
7f6e709f6000-7f6e70afe000 r-xp 00000000 08:01 13114235                   /lib/x86_64-linux-gnu/libm-2.23.so
7f6e70afe000-7f6e70cfd000 ---p 00108000 08:01 13114235                   /lib/x86_64-linux-gnu/libm-2.23.so
7f6e70cfd000-7f6e70cfe000 r--p 00107000 08:01 13114235                   /lib/x86_64-linux-gnu/libm-2.23.so
7f6e70cfe000-7f6e70cff000 rw-p 00108000 08:01 13114235                   /lib/x86_64-linux-gnu/libm-2.23.so
7f6e70cff000-7f6e71875000 r-xp 00000000 08:01 6431258                    /usr/lib/jvm/java-7-oracle/jre/lib/amd64/server/libjvm.so
7f6e71875000-7f6e71a74000 ---p 00b76000 08:01 6431258                    /usr/lib/jvm/java-7-oracle/jre/lib/amd64/server/libjvm.so
7f6e71a74000-7f6e71b38000 rw-p 00b75000 08:01 6431258                    /usr/lib/jvm/java-7-oracle/jre/lib/amd64/server/libjvm.so
7f6e71b38000-7f6e71b79000 rw-p 00000000 00:00 0 
7f6e71b79000-7f6e71d39000 r-xp 00000000 08:01 13114243                   /lib/x86_64-linux-gnu/libc-2.23.so
7f6e71d39000-7f6e71f38000 ---p 001c0000 08:01 13114243                   /lib/x86_64-linux-gnu/libc-2.23.so
7f6e71f38000-7f6e71f3c000 r--p 001bf000 08:01 13114243                   /lib/x86_64-linux-gnu/libc-2.23.so
7f6e71f3c000-7f6e71f3e000 rw-p 001c3000 08:01 13114243                   /lib/x86_64-linux-gnu/libc-2.23.so
7f6e71f3e000-7f6e71f42000 rw-p 00000000 00:00 0 
7f6e71f42000-7f6e71f45000 r-xp 00000000 08:01 13114244                   /lib/x86_64-linux-gnu/libdl-2.23.so
7f6e71f45000-7f6e72144000 ---p 00003000 08:01 13114244                   /lib/x86_64-linux-gnu/libdl-2.23.so
7f6e72144000-7f6e72145000 r--p 00002000 08:01 13114244                   /lib/x86_64-linux-gnu/libdl-2.23.so
7f6e72145000-7f6e72146000 rw-p 00003000 08:01 13114244                   /lib/x86_64-linux-gnu/libdl-2.23.so
7f6e72146000-7f6e7215b000 r-xp 00000000 08:01 6556106                    /usr/lib/jvm/java-7-oracle/lib/amd64/jli/libjli.so
7f6e7215b000-7f6e7235a000 ---p 00015000 08:01 6556106                    /usr/lib/jvm/java-7-oracle/lib/amd64/jli/libjli.so
7f6e7235a000-7f6e7235b000 rw-p 00014000 08:01 6556106                    /usr/lib/jvm/java-7-oracle/lib/amd64/jli/libjli.so
7f6e7235b000-7f6e72373000 r-xp 00000000 08:01 13114242                   /lib/x86_64-linux-gnu/libpthread-2.23.so
7f6e72373000-7f6e72572000 ---p 00018000 08:01 13114242                   /lib/x86_64-linux-gnu/libpthread-2.23.so
7f6e72572000-7f6e72573000 r--p 00017000 08:01 13114242                   /lib/x86_64-linux-gnu/libpthread-2.23.so
7f6e72573000-7f6e72574000 rw-p 00018000 08:01 13114242                   /lib/x86_64-linux-gnu/libpthread-2.23.so
7f6e72574000-7f6e72578000 rw-p 00000000 00:00 0 
7f6e72578000-7f6e7259e000 r-xp 00000000 08:01 13114239                   /lib/x86_64-linux-gnu/ld-2.23.so
7f6e7259f000-7f6e725a9000 r--s 00253000 08:01 6431293                    /usr/lib/jvm/java-7-oracle/jre/lib/resources.jar
7f6e725a9000-7f6e725aa000 r--s 00000000 08:01 6432251                    /usr/lib/jvm/java-7-oracle/jre/lib/management-agent.jar
7f6e725aa000-7f6e725ae000 r--s 0008b000 08:01 6432247                    /usr/lib/jvm/java-7-oracle/jre/lib/jsse.jar
7f6e725ae000-7f6e725b8000 rw-p 00000000 00:00 0 
7f6e725b8000-7f6e7266e000 rw-p 00000000 00:00 0 
7f6e7266e000-7f6e72671000 ---p 00000000 00:00 0 
7f6e72671000-7f6e72773000 rw-p 00000000 00:00 0 
7f6e72773000-7f6e72778000 r--s 0007e000 08:01 6432249                    /usr/lib/jvm/java-7-oracle/jre/lib/jfr.jar
7f6e72778000-7f6e7277b000 r--s 00019000 08:01 6432240                    /usr/lib/jvm/java-7-oracle/jre/lib/jce.jar
7f6e7277b000-7f6e72784000 r--s 00068000 08:01 6432254                    /usr/lib/jvm/java-7-oracle/jre/lib/javaws.jar
7f6e72784000-7f6e7278f000 r--s 0037c000 08:01 6432253                    /usr/lib/jvm/java-7-oracle/jre/lib/charsets.jar
7f6e7278f000-7f6e72791000 r--s 0000d000 08:01 6422571                    /usr/lib/jvm/java-7-oracle/jre/lib/ext/RXTXcomm.jar
7f6e72791000-7f6e72799000 rw-s 00000000 08:01 3806254                    /tmp/hsperfdata_silverbaq/15797
7f6e72799000-7f6e7279a000 rw-p 00000000 00:00 0 
7f6e7279a000-7f6e7279b000 r--p 00000000 00:00 0 
7f6e7279b000-7f6e7279d000 rw-p 00000000 00:00 0 
7f6e7279d000-7f6e7279e000 r--p 00025000 08:01 13114239                   /lib/x86_64-linux-gnu/ld-2.23.so
7f6e7279e000-7f6e7279f000 rw-p 00026000 08:01 13114239                   /lib/x86_64-linux-gnu/ld-2.23.so
7f6e7279f000-7f6e727a0000 rw-p 00000000 00:00 0 
7ffde9ea1000-7ffde9ec2000 rw-p 00000000 00:00 0                          [stack]
7ffde9ecd000-7ffde9ecf000 r--p 00000000 00:00 0                          [vvar]
7ffde9ecf000-7ffde9ed1000 r-xp 00000000 00:00 0                          [vdso]
ffffffffff600000-ffffffffff601000 r-xp 00000000 00:00 0                  [vsyscall]

VM Arguments:
jvm_args: -Didea.launcher.port=7545 -Didea.launcher.bin.path=/mnt/0e30dc8f-20c2-4c0a-8baa-b104d38db77e/Programmer/idea-IU-143.1821.5/bin -Dfile.encoding=UTF-8 
java_command: com.intellij.rt.execution.application.AppMain SerialTest
Launcher Type: SUN_STANDARD

Environment Variables:
JAVA_HOME=/usr/lib/jvm/java-7-oracle
PATH=/usr/local/sbin:/usr/local/bin:/usr/sbin:/usr/bin:/sbin:/bin:/usr/games:/usr/local/games:/snap/bin:/usr/lib/jvm/java-7-oracle/bin:/usr/lib/jvm/java-7-oracle/db/bin:/usr/lib/jvm/java-7-oracle/jre/bin:/home/silverbaq/algs4/bin
LD_LIBRARY_PATH=/mnt/0e30dc8f-20c2-4c0a-8baa-b104d38db77e/Programmer/idea-IU-143.1821.5/bin:
SHELL=/bin/bash
DISPLAY=:0

Signal Handlers:
SIGSEGV: [libjvm.so+0x9a3b20], sa_mask[0]=0x7ffbfeff, sa_flags=0x10000004
SIGBUS: [libjvm.so+0x9a3b20], sa_mask[0]=0x7ffbfeff, sa_flags=0x10000004
SIGFPE: [libjvm.so+0x81e740], sa_mask[0]=0x7ffbfeff, sa_flags=0x10000004
SIGPIPE: [libjvm.so+0x81e740], sa_mask[0]=0x7ffbfeff, sa_flags=0x10000004
SIGXFSZ: [libjvm.so+0x81e740], sa_mask[0]=0x7ffbfeff, sa_flags=0x10000004
SIGILL: [libjvm.so+0x81e740], sa_mask[0]=0x7ffbfeff, sa_flags=0x10000004
SIGUSR1: SIG_DFL, sa_mask[0]=0x00000000, sa_flags=0x00000000
SIGUSR2: [libjvm.so+0x81ffb0], sa_mask[0]=0x00000004, sa_flags=0x10000004
SIGHUP: [libjvm.so+0x8210d0], sa_mask[0]=0x7ffbfeff, sa_flags=0x10000004
SIGINT: [libjvm.so+0x8210d0], sa_mask[0]=0x7ffbfeff, sa_flags=0x10000004
SIGTERM: [libjvm.so+0x8210d0], sa_mask[0]=0x7ffbfeff, sa_flags=0x10000004
SIGQUIT: [libjvm.so+0x8210d0], sa_mask[0]=0x7ffbfeff, sa_flags=0x10000004


---------------  S Y S T E M  ---------------

OS:stretch/sid

uname:Linux 4.4.0-21-generic #37-Ubuntu SMP Mon Apr 18 18:33:37 UTC 2016 x86_64
libc:glibc 2.23 NPTL 2.23 
rlimit: STACK 8192k, CORE 0k, NPROC 31327, NOFILE 65536, AS infinity
load average:0.62 0.39 0.45

/proc/meminfo:
MemTotal:        8058200 kB
MemFree:           94824 kB
MemAvailable:    2521112 kB
Buffers:          238164 kB
Cached:          2254224 kB
SwapCached:          128 kB
Active:          5668720 kB
Inactive:        1881468 kB
Active(anon):    4297628 kB
Inactive(anon):   907720 kB
Active(file):    1371092 kB
Inactive(file):   973748 kB
Unevictable:         708 kB
Mlocked:             708 kB
SwapTotal:       8270844 kB
SwapFree:        8269392 kB
Dirty:               356 kB
Writeback:             0 kB
AnonPages:       5058536 kB
Mapped:           746372 kB
Shmem:            147556 kB
Slab:             184884 kB
SReclaimable:     123724 kB
SUnreclaim:        61160 kB
KernelStack:       18272 kB
PageTables:        72088 kB
NFS_Unstable:          0 kB
Bounce:                0 kB
WritebackTmp:          0 kB
CommitLimit:    12299944 kB
Committed_AS:   13143424 kB
VmallocTotal:   34359738367 kB
VmallocUsed:           0 kB
VmallocChunk:          0 kB
HardwareCorrupted:     0 kB
AnonHugePages:   2545664 kB
CmaTotal:              0 kB
CmaFree:               0 kB
HugePages_Total:       0
HugePages_Free:        0
HugePages_Rsvd:        0
HugePages_Surp:        0
Hugepagesize:       2048 kB
DirectMap4k:      293080 kB
DirectMap2M:     7979008 kB


CPU:total 8 (4 cores per cpu, 2 threads per core) family 6 model 58 stepping 9, cmov, cx8, fxsr, mmx, sse, sse2, sse3, ssse3, sse4.1, sse4.2, popcnt, avx, aes, erms, ht, tsc, tscinvbit, tscinv

/proc/cpuinfo:
processor	: 0
vendor_id	: GenuineIntel
cpu family	: 6
model		: 58
model name	: Intel(R) Core(TM) i7-3610QM CPU @ 2.30GHz
stepping	: 9
microcode	: 0x12
cpu MHz		: 1393.296
cache size	: 6144 KB
physical id	: 0
siblings	: 8
core id		: 0
cpu cores	: 4
apicid		: 0
initial apicid	: 0
fpu		: yes
fpu_exception	: yes
cpuid level	: 13
wp		: yes
flags		: fpu vme de pse tsc msr pae mce cx8 apic sep mtrr pge mca cmov pat pse36 clflush dts acpi mmx fxsr sse sse2 ss ht tm pbe syscall nx rdtscp lm constant_tsc arch_perfmon pebs bts rep_good nopl xtopology nonstop_tsc aperfmperf eagerfpu pni pclmulqdq dtes64 monitor ds_cpl vmx est tm2 ssse3 cx16 xtpr pdcm pcid sse4_1 sse4_2 x2apic popcnt tsc_deadline_timer aes xsave avx f16c rdrand lahf_lm epb tpr_shadow vnmi flexpriority ept vpid fsgsbase smep erms xsaveopt dtherm ida arat pln pts
bugs		:
bogomips	: 4589.48
clflush size	: 64
cache_alignment	: 64
address sizes	: 36 bits physical, 48 bits virtual
power management:

processor	: 1
vendor_id	: GenuineIntel
cpu family	: 6
model		: 58
model name	: Intel(R) Core(TM) i7-3610QM CPU @ 2.30GHz
stepping	: 9
microcode	: 0x12
cpu MHz		: 1651.238
cache size	: 6144 KB
physical id	: 0
siblings	: 8
core id		: 1
cpu cores	: 4
apicid		: 2
initial apicid	: 2
fpu		: yes
fpu_exception	: yes
cpuid level	: 13
wp		: yes
flags		: fpu vme de pse tsc msr pae mce cx8 apic sep mtrr pge mca cmov pat pse36 clflush dts acpi mmx fxsr sse sse2 ss ht tm pbe syscall nx rdtscp lm constant_tsc arch_perfmon pebs bts rep_good nopl xtopology nonstop_tsc aperfmperf eagerfpu pni pclmulqdq dtes64 monitor ds_cpl vmx est tm2 ssse3 cx16 xtpr pdcm pcid sse4_1 sse4_2 x2apic popcnt tsc_deadline_timer aes xsave avx f16c rdrand lahf_lm epb tpr_shadow vnmi flexpriority ept vpid fsgsbase smep erms xsaveopt dtherm ida arat pln pts
bugs		:
bogomips	: 4589.48
clflush size	: 64
cache_alignment	: 64
address sizes	: 36 bits physical, 48 bits virtual
power management:

processor	: 2
vendor_id	: GenuineIntel
cpu family	: 6
model		: 58
model name	: Intel(R) Core(TM) i7-3610QM CPU @ 2.30GHz
stepping	: 9
microcode	: 0x12
cpu MHz		: 1447.472
cache size	: 6144 KB
physical id	: 0
siblings	: 8
core id		: 2
cpu cores	: 4
apicid		: 4
initial apicid	: 4
fpu		: yes
fpu_exception	: yes
cpuid level	: 13
wp		: yes
flags		: fpu vme de pse tsc msr pae mce cx8 apic sep mtrr pge mca cmov pat pse36 clflush dts acpi mmx fxsr sse sse2 ss ht tm pbe syscall nx rdtscp lm constant_tsc arch_perfmon pebs bts rep_good nopl xtopology nonstop_tsc aperfmperf eagerfpu pni pclmulqdq dtes64 monitor ds_cpl vmx est tm2 ssse3 cx16 xtpr pdcm pcid sse4_1 sse4_2 x2apic popcnt tsc_deadline_timer aes xsave avx f16c rdrand lahf_lm epb tpr_shadow vnmi flexpriority ept vpid fsgsbase smep erms xsaveopt dtherm ida arat pln pts
bugs		:
bogomips	: 4589.48
clflush size	: 64
cache_alignment	: 64
address sizes	: 36 bits physical, 48 bits virtual
power management:

processor	: 3
vendor_id	: GenuineIntel
cpu family	: 6
model		: 58
model name	: Intel(R) Core(TM) i7-3610QM CPU @ 2.30GHz
stepping	: 9
microcode	: 0x12
cpu MHz		: 1249.816
cache size	: 6144 KB
physical id	: 0
siblings	: 8
core id		: 3
cpu cores	: 4
apicid		: 6
initial apicid	: 6
fpu		: yes
fpu_exception	: yes
cpuid level	: 13
wp		: yes
flags		: fpu vme de pse tsc msr pae mce cx8 apic sep mtrr pge mca cmov pat pse36 clflush dts acpi mmx fxsr sse sse2 ss ht tm pbe syscall nx rdtscp lm constant_tsc arch_perfmon pebs bts rep_good nopl xtopology nonstop_tsc aperfmperf eagerfpu pni pclmulqdq dtes64 monitor ds_cpl vmx est tm2 ssse3 cx16 xtpr pdcm pcid sse4_1 sse4_2 x2apic popcnt tsc_deadline_timer aes xsave avx f16c rdrand lahf_lm epb tpr_shadow vnmi flexpriority ept vpid fsgsbase smep erms xsaveopt dtherm ida arat pln pts
bugs		:
bogomips	: 4589.48
clflush size	: 64
cache_alignment	: 64
address sizes	: 36 bits physical, 48 bits virtual
power management:

processor	: 4
vendor_id	: GenuineIntel
cpu family	: 6
model		: 58
model name	: Intel(R) Core(TM) i7-3610QM CPU @ 2.30GHz
stepping	: 9
microcode	: 0x12
cpu MHz		: 1338.402
cache size	: 6144 KB
physical id	: 0
siblings	: 8
core id		: 0
cpu cores	: 4
apicid		: 1
initial apicid	: 1
fpu		: yes
fpu_exception	: yes
cpuid level	: 13
wp		: yes
flags		: fpu vme de pse tsc msr pae mce cx8 apic sep mtrr pge mca cmov pat pse36 clflush dts acpi mmx fxsr sse sse2 ss ht tm pbe syscall nx rdtscp lm constant_tsc arch_perfmon pebs bts rep_good nopl xtopology nonstop_tsc aperfmperf eagerfpu pni pclmulqdq dtes64 monitor ds_cpl vmx est tm2 ssse3 cx16 xtpr pdcm pcid sse4_1 sse4_2 x2apic popcnt tsc_deadline_timer aes xsave avx f16c rdrand lahf_lm epb tpr_shadow vnmi flexpriority ept vpid fsgsbase smep erms xsaveopt dtherm ida arat pln pts
bugs		:
bogomips	: 4589.48
clflush size	: 64
cache_alignment	: 64
address sizes	: 36 bits physical, 48 bits virtual
power management:

processor	: 5
vendor_id	: GenuineIntel
cpu family	: 6
model		: 58
model name	: Intel(R) Core(TM) i7-3610QM CPU @ 2.30GHz
stepping	: 9
microcode	: 0x12
cpu MHz		: 1371.105
cache size	: 6144 KB
physical id	: 0
siblings	: 8
core id		: 1
cpu cores	: 4
apicid		: 3
initial apicid	: 3
fpu		: yes
fpu_exception	: yes
cpuid level	: 13
wp		: yes
flags		: fpu vme de pse tsc msr pae mce cx8 apic sep mtrr pge mca cmov pat pse36 clflush dts acpi mmx fxsr sse sse2 ss ht tm pbe syscall nx rdtscp lm constant_tsc arch_perfmon pebs bts rep_good nopl xtopology nonstop_tsc aperfmperf eagerfpu pni pclmulqdq dtes64 monitor ds_cpl vmx est tm2 ssse3 cx16 xtpr pdcm pcid sse4_1 sse4_2 x2apic popcnt tsc_deadline_timer aes xsave avx f16c rdrand lahf_lm epb tpr_shadow vnmi flexpriority ept vpid fsgsbase smep erms xsaveopt dtherm ida arat pln pts
bugs		:
bogomips	: 4589.48
clflush size	: 64
cache_alignment	: 64
address sizes	: 36 bits physical, 48 bits virtual
power management:

processor	: 6
vendor_id	: GenuineIntel
cpu family	: 6
model		: 58
model name	: Intel(R) Core(TM) i7-3610QM CPU @ 2.30GHz
stepping	: 9
microcode	: 0x12
cpu MHz		: 1276.769
cache size	: 6144 KB
physical id	: 0
siblings	: 8
core id		: 2
cpu cores	: 4
apicid		: 5
initial apicid	: 5
fpu		: yes
fpu_exception	: yes
cpuid level	: 13
wp		: yes
flags		: fpu vme de pse tsc msr pae mce cx8 apic sep mtrr pge mca cmov pat pse36 clflush dts acpi mmx fxsr sse sse2 ss ht tm pbe syscall nx rdtscp lm constant_tsc arch_perfmon pebs bts rep_good nopl xtopology nonstop_tsc aperfmperf eagerfpu pni pclmulqdq dtes64 monitor ds_cpl vmx est tm2 ssse3 cx16 xtpr pdcm pcid sse4_1 sse4_2 x2apic popcnt tsc_deadline_timer aes xsave avx f16c rdrand lahf_lm epb tpr_shadow vnmi flexpriority ept vpid fsgsbase smep erms xsaveopt dtherm ida arat pln pts
bugs		:
bogomips	: 4589.48
clflush size	: 64
cache_alignment	: 64
address sizes	: 36 bits physical, 48 bits virtual
power management:

processor	: 7
vendor_id	: GenuineIntel
cpu family	: 6
model		: 58
model name	: Intel(R) Core(TM) i7-3610QM CPU @ 2.30GHz
stepping	: 9
microcode	: 0x12
cpu MHz		: 2996.019
cache size	: 6144 KB
physical id	: 0
siblings	: 8
core id		: 3
cpu cores	: 4
apicid		: 7
initial apicid	: 7
fpu		: yes
fpu_exception	: yes
cpuid level	: 13
wp		: yes
flags		: fpu vme de pse tsc msr pae mce cx8 apic sep mtrr pge mca cmov pat pse36 clflush dts acpi mmx fxsr sse sse2 ss ht tm pbe syscall nx rdtscp lm constant_tsc arch_perfmon pebs bts rep_good nopl xtopology nonstop_tsc aperfmperf eagerfpu pni pclmulqdq dtes64 monitor ds_cpl vmx est tm2 ssse3 cx16 xtpr pdcm pcid sse4_1 sse4_2 x2apic popcnt tsc_deadline_timer aes xsave avx f16c rdrand lahf_lm epb tpr_shadow vnmi flexpriority ept vpid fsgsbase smep erms xsaveopt dtherm ida arat pln pts
bugs		:
bogomips	: 4589.48
clflush size	: 64
cache_alignment	: 64
address sizes	: 36 bits physical, 48 bits virtual
power management:



Memory: 4k page, physical 8058200k(94824k free), swap 8270844k(8269392k free)

vm_info: Java HotSpot(TM) 64-Bit Server VM (24.80-b11) for linux-amd64 JRE (1.7.0_80-b15), built on Apr 10 2015 19:53:14 by "java_re" with gcc 4.3.0 20080428 (Red Hat 4.3.0-8)

time: Thu Apr 28 17:07:30 2016
elapsed time: 2 seconds

